<?xml version="1.0" encoding="UTF-8"?>
<testsuites name="Google" time="469.057" tests="4" failures="3" errors="0">
   <testsuite name="Google" tests="4" failures="3" errors="0" time="469.057" skipped="0" timestamp="2023-11-09 14:32:28" hostname="ithibodeaux - USHOUITHIBO17.us.deloitte.com" id="Test Suites/Google">
      <properties>
         <property name="deviceName" value=""/>
         <property name="devicePlatform" value=""/>
         <property name="logFolder" value="C:\\Users\\ithibodeaux\\IdeaProjects\\KatalonTraining\\KatalonTraining\\Reports\\20231109_143223\\Google\\20231109_143223"/>
         <property name="logFiles" value="C:\\Users\\ithibodeaux\\IdeaProjects\\KatalonTraining\\KatalonTraining\\Reports\\20231109_143223\\Google\\20231109_143223\\execution0.log"/>
         <property name="attachments" value="C:\\Users\\ithibodeaux\\IdeaProjects\\KatalonTraining\\KatalonTraining\\Reports\\20231109_143223\\Google\\20231109_143223\\1699561987851.png, C:\\Users\\ithibodeaux\\IdeaProjects\\KatalonTraining\\KatalonTraining\\Reports\\20231109_143223\\Google\\20231109_143223\\1699562026307.png, C:\\Users\\ithibodeaux\\IdeaProjects\\KatalonTraining\\KatalonTraining\\Reports\\20231109_143223\\Google\\20231109_143223\\1699562064292.png, C:\\Users\\ithibodeaux\\IdeaProjects\\KatalonTraining\\KatalonTraining\\Reports\\20231109_143223\\Google\\20231109_143223\\1699562101899.png, C:\\Users\\ithibodeaux\\IdeaProjects\\KatalonTraining\\KatalonTraining\\Reports\\20231109_143223\\Google\\20231109_143223\\1699562139766.png, C:\\Users\\ithibodeaux\\IdeaProjects\\KatalonTraining\\KatalonTraining\\Reports\\20231109_143223\\Google\\20231109_143223\\1699562177692.png, C:\\Users\\ithibodeaux\\IdeaProjects\\KatalonTraining\\KatalonTraining\\Reports\\20231109_143223\\Google\\20231109_143223\\1699562215623.png, C:\\Users\\ithibodeaux\\IdeaProjects\\KatalonTraining\\KatalonTraining\\Reports\\20231109_143223\\Google\\20231109_143223\\1699562253514.png, C:\\Users\\ithibodeaux\\IdeaProjects\\KatalonTraining\\KatalonTraining\\Reports\\20231109_143223\\Google\\20231109_143223\\1699562302434.png, C:\\Users\\ithibodeaux\\IdeaProjects\\KatalonTraining\\KatalonTraining\\Reports\\20231109_143223\\Google\\20231109_143223\\1699562340391.png, C:\\Users\\ithibodeaux\\IdeaProjects\\KatalonTraining\\KatalonTraining\\Reports\\20231109_143223\\Google\\20231109_143223\\1699562378438.png, C:\\Users\\ithibodeaux\\IdeaProjects\\KatalonTraining\\KatalonTraining\\Reports\\20231109_143223\\Google\\20231109_143223\\1699562417444.png"/>
         <property name="hostName" value="ithibodeaux - USHOUITHIBO17.us.deloitte.com"/>
         <property name="os" value="Windows 10 64bit"/>
         <property name="katalonVersion" value="9.0.0.212"/>
         <property name="browser" value="Chrome 118.0.0.0"/>
         <property name="hostAddress" value="192.168.1.144"/>
         <property name="sessionId" value="2fbcbf8dc161b0f82499bf253ca5eb5f"/>
         <property name="seleniumVersion" value="3.141.59"/>
         <property name="proxyInformation" value="ProxyInformation { proxyOption=NO_PROXY, proxyServerType=HTTP, username=, password=********, proxyServerAddress=, proxyServerPort=0, executionList=&quot;&quot;, isApplyToDesiredCapabilities=true }"/>
         <property name="platform" value="Windows 10"/>
      </properties>
      <testcase name="Test Cases/Google-Find-Dog-Sounds" time="37.588" classname="Test Cases/Google-Find-Dog-Sounds" status="FAILED">
         <failure type="FAILED" message="Test Cases/Google-Find-Dog-Sounds FAILED.&#xa;Reason:&#xa;com.kms.katalon.core.exception.StepFailedException: Unable to set text 'dog breeds' of object 'Object Repository/Page_Google/textarea_q'&#xa;	at com.kms.katalon.core.webui.keyword.internal.WebUIKeywordMain.stepFailed(WebUIKeywordMain.groovy:64)&#xa;	at com.kms.katalon.core.webui.keyword.internal.WebUIKeywordMain.runKeyword(WebUIKeywordMain.groovy:26)&#xa;	at com.kms.katalon.core.webui.keyword.builtin.SetTextKeyword.setText(SetTextKeyword.groovy:66)&#xa;	at com.kms.katalon.core.webui.keyword.builtin.SetTextKeyword.execute(SetTextKeyword.groovy:37)&#xa;	at com.kms.katalon.core.keyword.internal.KeywordExecutor.executeKeywordForPlatform(KeywordExecutor.groovy:74)&#xa;	at com.kms.katalon.core.webui.keyword.WebUiBuiltInKeywords.setText(WebUiBuiltInKeywords.groovy:980)&#xa;	at Google-Find-Dog-Sounds.run(Google-Find-Dog-Sounds:22)&#xa;	at com.kms.katalon.core.main.ScriptEngine.run(ScriptEngine.java:194)&#xa;	at com.kms.katalon.core.main.ScriptEngine.runScriptAsRawText(ScriptEngine.java:119)&#xa;	at com.kms.katalon.core.main.TestCaseExecutor.runScript(TestCaseExecutor.java:448)&#xa;	at com.kms.katalon.core.main.TestCaseExecutor.doExecute(TestCaseExecutor.java:439)&#xa;	at com.kms.katalon.core.main.TestCaseExecutor.processExecutionPhase(TestCaseExecutor.java:418)&#xa;	at com.kms.katalon.core.main.TestCaseExecutor.accessMainPhase(TestCaseExecutor.java:410)&#xa;	at com.kms.katalon.core.main.TestCaseExecutor.execute(TestCaseExecutor.java:285)&#xa;	at com.kms.katalon.core.main.TestCaseExecutor.execute(TestCaseExecutor.java:369)&#xa;	at com.kms.katalon.core.main.TestCaseExecutor.execute(TestCaseExecutor.java:369)&#xa;	at com.kms.katalon.core.main.TestCaseExecutor.execute(TestCaseExecutor.java:369)&#xa;	at com.kms.katalon.core.common.CommonExecutor.accessTestCaseMainPhase(CommonExecutor.java:65)&#xa;	at com.kms.katalon.core.main.TestSuiteExecutor.accessTestSuiteMainPhase(TestSuiteExecutor.java:148)&#xa;	at com.kms.katalon.core.main.TestSuiteExecutor.execute(TestSuiteExecutor.java:106)&#xa;	at com.kms.katalon.core.main.TestCaseMain.startTestSuite(TestCaseMain.java:187)&#xa;	at TempTestSuite1699561943401.run(TempTestSuite1699561943401.groovy:36)&#xa;	at java.base/jdk.internal.reflect.NativeMethodAccessorImpl.invoke0(Native Method)&#xa;	at java.base/jdk.internal.reflect.NativeMethodAccessorImpl.invoke(NativeMethodAccessorImpl.java:77)&#xa;	at java.base/jdk.internal.reflect.DelegatingMethodAccessorImpl.invoke(DelegatingMethodAccessorImpl.java:43)&#xa;Caused by: com.kms.katalon.core.webui.exception.WebElementNotFoundException: Web element with id: 'Object Repository/Page_Google/textarea_q' located by '//textarea[@id='APjFqb']' not found&#xa;	at com.kms.katalon.core.webui.common.WebUiCommonHelper.findWebElement(WebUiCommonHelper.java:1379)&#xa;	at com.kms.katalon.core.webui.keyword.internal.WebUIAbstractKeyword.findWebElement(WebUIAbstractKeyword.groovy:27)&#xa;	at com.kms.katalon.core.webui.keyword.internal.WebUIAbstractKeyword.findWebElement(WebUIAbstractKeyword.groovy:26)&#xa;	at com.kms.katalon.core.webui.keyword.builtin.SetTextKeyword$_setText_closure1.doCall(SetTextKeyword.groovy:51)&#xa;	at com.kms.katalon.core.webui.keyword.builtin.SetTextKeyword$_setText_closure1.call(SetTextKeyword.groovy)&#xa;	at com.kms.katalon.core.webui.keyword.internal.WebUIKeywordMain.runKeyword(WebUIKeywordMain.groovy:20)&#xa;	... 23 more&#xa;"/>
         <system-out><![CDATA[2023-11-09 14:34:24 - [TEST_CASE][FAILED] - Test Cases/Google-Find-Dog-Sounds: Test Cases/Google-Find-Dog-Sounds FAILED.
Reason:
com.kms.katalon.core.exception.StepFailedException: Unable to set text 'dog breeds' of object 'Object Repository/Page_Google/textarea_q'
	at com.kms.katalon.core.webui.keyword.internal.WebUIKeywordMain.stepFailed(WebUIKeywordMain.groovy:64)
	at com.kms.katalon.core.webui.keyword.internal.WebUIKeywordMain.runKeyword(WebUIKeywordMain.groovy:26)
	at com.kms.katalon.core.webui.keyword.builtin.SetTextKeyword.setText(SetTextKeyword.groovy:66)
	at com.kms.katalon.core.webui.keyword.builtin.SetTextKeyword.execute(SetTextKeyword.groovy:37)
	at com.kms.katalon.core.keyword.internal.KeywordExecutor.executeKeywordForPlatform(KeywordExecutor.groovy:74)
	at com.kms.katalon.core.webui.keyword.WebUiBuiltInKeywords.setText(WebUiBuiltInKeywords.groovy:980)
	at Google-Find-Dog-Sounds.run(Google-Find-Dog-Sounds:22)
	at com.kms.katalon.core.main.ScriptEngine.run(ScriptEngine.java:194)
	at com.kms.katalon.core.main.ScriptEngine.runScriptAsRawText(ScriptEngine.java:119)
	at com.kms.katalon.core.main.TestCaseExecutor.runScript(TestCaseExecutor.java:448)
	at com.kms.katalon.core.main.TestCaseExecutor.doExecute(TestCaseExecutor.java:439)
	at com.kms.katalon.core.main.TestCaseExecutor.processExecutionPhase(TestCaseExecutor.java:418)
	at com.kms.katalon.core.main.TestCaseExecutor.accessMainPhase(TestCaseExecutor.java:410)
	at com.kms.katalon.core.main.TestCaseExecutor.execute(TestCaseExecutor.java:285)
	at com.kms.katalon.core.main.TestCaseExecutor.execute(TestCaseExecutor.java:369)
	at com.kms.katalon.core.main.TestCaseExecutor.execute(TestCaseExecutor.java:369)
	at com.kms.katalon.core.main.TestCaseExecutor.execute(TestCaseExecutor.java:369)
	at com.kms.katalon.core.common.CommonExecutor.accessTestCaseMainPhase(CommonExecutor.java:65)
	at com.kms.katalon.core.main.TestSuiteExecutor.accessTestSuiteMainPhase(TestSuiteExecutor.java:148)
	at com.kms.katalon.core.main.TestSuiteExecutor.execute(TestSuiteExecutor.java:106)
	at com.kms.katalon.core.main.TestCaseMain.startTestSuite(TestCaseMain.java:187)
	at TempTestSuite1699561943401.run(TempTestSuite1699561943401.groovy:36)
	at java.base/jdk.internal.reflect.NativeMethodAccessorImpl.invoke0(Native Method)
	at java.base/jdk.internal.reflect.NativeMethodAccessorImpl.invoke(NativeMethodAccessorImpl.java:77)
	at java.base/jdk.internal.reflect.DelegatingMethodAccessorImpl.invoke(DelegatingMethodAccessorImpl.java:43)
Caused by: com.kms.katalon.core.webui.exception.WebElementNotFoundException: Web element with id: 'Object Repository/Page_Google/textarea_q' located by '//textarea[@id='APjFqb']' not found
	at com.kms.katalon.core.webui.common.WebUiCommonHelper.findWebElement(WebUiCommonHelper.java:1379)
	at com.kms.katalon.core.webui.keyword.internal.WebUIAbstractKeyword.findWebElement(WebUIAbstractKeyword.groovy:27)
	at com.kms.katalon.core.webui.keyword.internal.WebUIAbstractKeyword.findWebElement(WebUIAbstractKeyword.groovy:26)
	at com.kms.katalon.core.webui.keyword.builtin.SetTextKeyword$_setText_closure1.doCall(SetTextKeyword.groovy:51)
	at com.kms.katalon.core.webui.keyword.builtin.SetTextKeyword$_setText_closure1.call(SetTextKeyword.groovy)
	at com.kms.katalon.core.webui.keyword.internal.WebUIKeywordMain.runKeyword(WebUIKeywordMain.groovy:20)
	... 23 more


2023-11-09 14:34:24 - [TEST_STEP][PASSED] - openBrowser(""): Browser is opened with url: ''

2023-11-09 14:34:24 - [MESSAGE][WARNING] - A browser is already opened. Closing browser and opening a new one

2023-11-09 14:34:24 - [MESSAGE][INFO] - Starting 'Chrome' driver

2023-11-09 14:34:24 - [MESSAGE][INFO] - Action delay is set to 0 milliseconds

2023-11-09 14:34:27 - [MESSAGE][PASSED] - Browser is opened with url: ''

2023-11-09 14:34:27 - [TEST_STEP][FAILED] - setText(findTestObject("Object Repository/Page_Google/textarea_q"), "dog breeds"): Unable to set text 'dog breeds' of object 'Object Repository/Page_Google/textarea_q' (Root cause: com.kms.katalon.core.exception.StepFailedException: Unable to set text 'dog breeds' of object 'Object Repository/Page_Google/textarea_q'
	at com.kms.katalon.core.webui.keyword.internal.WebUIKeywordMain.stepFailed(WebUIKeywordMain.groovy:64)
	at com.kms.katalon.core.webui.keyword.internal.WebUIKeywordMain.runKeyword(WebUIKeywordMain.groovy:26)
	at com.kms.katalon.core.webui.keyword.builtin.SetTextKeyword.setText(SetTextKeyword.groovy:66)
	at com.kms.katalon.core.webui.keyword.builtin.SetTextKeyword.execute(SetTextKeyword.groovy:37)
	at com.kms.katalon.core.keyword.internal.KeywordExecutor.executeKeywordForPlatform(KeywordExecutor.groovy:74)
	at com.kms.katalon.core.webui.keyword.WebUiBuiltInKeywords.setText(WebUiBuiltInKeywords.groovy:980)
	at Google-Find-Dog-Sounds.run(Google-Find-Dog-Sounds:22)
	at com.kms.katalon.core.main.ScriptEngine.run(ScriptEngine.java:194)
	at com.kms.katalon.core.main.ScriptEngine.runScriptAsRawText(ScriptEngine.java:119)
	at com.kms.katalon.core.main.TestCaseExecutor.runScript(TestCaseExecutor.java:448)
	at com.kms.katalon.core.main.TestCaseExecutor.doExecute(TestCaseExecutor.java:439)
	at com.kms.katalon.core.main.TestCaseExecutor.processExecutionPhase(TestCaseExecutor.java:418)
	at com.kms.katalon.core.main.TestCaseExecutor.accessMainPhase(TestCaseExecutor.java:410)
	at com.kms.katalon.core.main.TestCaseExecutor.execute(TestCaseExecutor.java:285)
	at com.kms.katalon.core.main.TestCaseExecutor.execute(TestCaseExecutor.java:369)
	at com.kms.katalon.core.main.TestCaseExecutor.execute(TestCaseExecutor.java:369)
	at com.kms.katalon.core.main.TestCaseExecutor.execute(TestCaseExecutor.java:369)
	at com.kms.katalon.core.common.CommonExecutor.accessTestCaseMainPhase(CommonExecutor.java:65)
	at com.kms.katalon.core.main.TestSuiteExecutor.accessTestSuiteMainPhase(TestSuiteExecutor.java:148)
	at com.kms.katalon.core.main.TestSuiteExecutor.execute(TestSuiteExecutor.java:106)
	at com.kms.katalon.core.main.TestCaseMain.startTestSuite(TestCaseMain.java:187)
	at TempTestSuite1699561943401.run(TempTestSuite1699561943401.groovy:36)
	at java.base/jdk.internal.reflect.NativeMethodAccessorImpl.invoke0(Native Method)
	at java.base/jdk.internal.reflect.NativeMethodAccessorImpl.invoke(NativeMethodAccessorImpl.java:77)
	at java.base/jdk.internal.reflect.DelegatingMethodAccessorImpl.invoke(DelegatingMethodAccessorImpl.java:43)
Caused by: com.kms.katalon.core.webui.exception.WebElementNotFoundException: Web element with id: 'Object Repository/Page_Google/textarea_q' located by '//textarea[@id='APjFqb']' not found
	at com.kms.katalon.core.webui.common.WebUiCommonHelper.findWebElement(WebUiCommonHelper.java:1379)
	at com.kms.katalon.core.webui.keyword.internal.WebUIAbstractKeyword.findWebElement(WebUIAbstractKeyword.groovy:27)
	at com.kms.katalon.core.webui.keyword.internal.WebUIAbstractKeyword.findWebElement(WebUIAbstractKeyword.groovy:26)
	at com.kms.katalon.core.webui.keyword.builtin.SetTextKeyword$_setText_closure1.doCall(SetTextKeyword.groovy:51)
	at com.kms.katalon.core.webui.keyword.builtin.SetTextKeyword$_setText_closure1.call(SetTextKeyword.groovy)
	at com.kms.katalon.core.webui.keyword.internal.WebUIKeywordMain.runKeyword(WebUIKeywordMain.groovy:20)
	at com.kms.katalon.core.webui.keyword.builtin.SetTextKeyword.setText(SetTextKeyword.groovy:66)
	at com.kms.katalon.core.webui.keyword.builtin.SetTextKeyword.execute(SetTextKeyword.groovy:37)
	at com.kms.katalon.core.keyword.internal.KeywordExecutor.executeKeywordForPlatform(KeywordExecutor.groovy:74)
	at com.kms.katalon.core.webui.keyword.WebUiBuiltInKeywords.setText(WebUiBuiltInKeywords.groovy:980)
	at Script1699556894841.run(Script1699556894841.groovy:22)
	... 18 more
)

2023-11-09 14:34:58 - [MESSAGE][INFO] - Unable to find the element located by 'By.xpath: //textarea[@id='APjFqb']'. Please recheck the objects properties to make sure the desired element is located. 

2023-11-09 14:34:58 - [MESSAGE][WARNING] - [SELF-HEALING] Failed to find element with id 'Object Repository/Page_Google/textarea_q'. Try using Self-healing.

2023-11-09 14:34:58 - [MESSAGE][INFO] - [SELF-HEALING] Failed Locator: '//textarea[@id='APjFqb']'.

2023-11-09 14:34:58 - [MESSAGE][INFO] - [SELF-HEALING] Failed Locator: '//textarea'.

2023-11-09 14:34:58 - [MESSAGE][INFO] - [SELF-HEALING] Failed Locator: '//textarea[@id = 'APjFqb' and @name = 'q' and @title = 'Search' and @type = 'search']'.

2023-11-09 14:34:58 - [MESSAGE][INFO] - [SELF-HEALING] Failed Locator: '//textarea[@id='APjFqb']'.

2023-11-09 14:34:58 - [MESSAGE][INFO] - [SELF-HEALING] Failed Locator: '//textarea'.

2023-11-09 14:34:58 - [MESSAGE][INFO] - [SELF-HEALING] Failed Locator: '//textarea[@id = 'APjFqb' and @name = 'q' and @title = 'Search' and @type = 'search']'.

2023-11-09 14:34:58 - [MESSAGE][INFO] - [SELF-HEALING] Failed Locator: '//textarea[@id='APjFqb']'.

2023-11-09 14:34:59 - [MESSAGE][INFO] - [SELF-HEALING] Failed Locator: '//textarea'.

2023-11-09 14:34:59 - [MESSAGE][INFO] - [SELF-HEALING] Failed Locator: '//textarea[@id = 'APjFqb' and @name = 'q' and @title = 'Search' and @type = 'search']'.

2023-11-09 14:34:59 - [MESSAGE][INFO] - [SELF-HEALING] Failed Locator: '//textarea[@id='APjFqb']'.

2023-11-09 14:34:59 - [MESSAGE][INFO] - [SELF-HEALING] Failed Locator: '//textarea'.

2023-11-09 14:34:59 - [MESSAGE][INFO] - [SELF-HEALING] Failed Locator: '//textarea[@id = 'APjFqb' and @name = 'q' and @title = 'Search' and @type = 'search']'.

2023-11-09 14:34:59 - [MESSAGE][INFO] - [SELF-HEALING] Failed Locator: '//textarea[@id='APjFqb']'.

2023-11-09 14:34:59 - [MESSAGE][INFO] - [SELF-HEALING] Failed Locator: '//textarea'.

2023-11-09 14:34:59 - [MESSAGE][INFO] - [SELF-HEALING] Failed Locator: '//textarea[@id = 'APjFqb' and @name = 'q' and @title = 'Search' and @type = 'search']'.

2023-11-09 14:34:59 - [MESSAGE][INFO] - [SELF-HEALING] Failed Locator: '//textarea[@id='APjFqb']'.

2023-11-09 14:34:59 - [MESSAGE][INFO] - [SELF-HEALING] Failed Locator: '//textarea'.

2023-11-09 14:34:59 - [MESSAGE][INFO] - [SELF-HEALING] Failed Locator: '//textarea[@id = 'APjFqb' and @name = 'q' and @title = 'Search' and @type = 'search']'.

2023-11-09 14:34:59 - [MESSAGE][INFO] - [SELF-HEALING] Failed Locator: '//textarea[@id='APjFqb']'.

2023-11-09 14:34:59 - [MESSAGE][INFO] - [SELF-HEALING] Failed Locator: '//textarea'.

2023-11-09 14:34:59 - [MESSAGE][INFO] - [SELF-HEALING] Failed Locator: '//textarea[@id = 'APjFqb' and @name = 'q' and @title = 'Search' and @type = 'search']'.

2023-11-09 14:34:59 - [MESSAGE][INFO] - [SELF-HEALING] Failed Locator: '//textarea[@id='APjFqb']'.

2023-11-09 14:34:59 - [MESSAGE][INFO] - [SELF-HEALING] Failed Locator: '//textarea'.

2023-11-09 14:34:59 - [MESSAGE][INFO] - [SELF-HEALING] Failed Locator: '//textarea[@id = 'APjFqb' and @name = 'q' and @title = 'Search' and @type = 'search']'.

2023-11-09 14:34:59 - [MESSAGE][INFO] - [SELF-HEALING] Failed Locator: '//textarea[@id='APjFqb']'.

2023-11-09 14:34:59 - [MESSAGE][INFO] - [SELF-HEALING] Failed Locator: '//textarea'.

2023-11-09 14:34:59 - [MESSAGE][INFO] - [SELF-HEALING] Failed Locator: '//textarea[@id = 'APjFqb' and @name = 'q' and @title = 'Search' and @type = 'search']'.

2023-11-09 14:34:59 - [MESSAGE][INFO] - [SELF-HEALING] Failed Locator: '//textarea[@id='APjFqb']'.

2023-11-09 14:34:59 - [MESSAGE][INFO] - [SELF-HEALING] Failed Locator: '//textarea'.

2023-11-09 14:34:59 - [MESSAGE][INFO] - [SELF-HEALING] Failed Locator: '//textarea[@id = 'APjFqb' and @name = 'q' and @title = 'Search' and @type = 'search']'.

2023-11-09 14:34:59 - [MESSAGE][INFO] - [SELF-HEALING] Failed Locator: '//textarea[@id='APjFqb']'.

2023-11-09 14:34:59 - [MESSAGE][INFO] - [SELF-HEALING] Failed Locator: '//textarea'.

2023-11-09 14:34:59 - [MESSAGE][INFO] - [SELF-HEALING] Failed Locator: '//textarea[@id = 'APjFqb' and @name = 'q' and @title = 'Search' and @type = 'search']'.

2023-11-09 14:34:59 - [MESSAGE][INFO] - [SELF-HEALING] Failed Locator: '//textarea[@id='APjFqb']'.

2023-11-09 14:34:59 - [MESSAGE][INFO] - [SELF-HEALING] Failed Locator: '//textarea'.

2023-11-09 14:34:59 - [MESSAGE][INFO] - [SELF-HEALING] Failed Locator: '//textarea[@id = 'APjFqb' and @name = 'q' and @title = 'Search' and @type = 'search']'.

2023-11-09 14:34:59 - [MESSAGE][INFO] - [SELF-HEALING] Failed Locator: '//textarea[@id='APjFqb']'.

2023-11-09 14:34:59 - [MESSAGE][INFO] - [SELF-HEALING] Failed Locator: '//textarea'.

2023-11-09 14:34:59 - [MESSAGE][INFO] - [SELF-HEALING] Failed Locator: '//textarea[@id = 'APjFqb' and @name = 'q' and @title = 'Search' and @type = 'search']'.

2023-11-09 14:34:59 - [MESSAGE][INFO] - [SELF-HEALING] Failed Locator: '//textarea[@id='APjFqb']'.

2023-11-09 14:34:59 - [MESSAGE][INFO] - [SELF-HEALING] Failed Locator: '//textarea'.

2023-11-09 14:34:59 - [MESSAGE][INFO] - [SELF-HEALING] Failed Locator: '//textarea[@id = 'APjFqb' and @name = 'q' and @title = 'Search' and @type = 'search']'.

2023-11-09 14:34:59 - [MESSAGE][INFO] - [SELF-HEALING] Failed Locator: '//textarea[@id='APjFqb']'.

2023-11-09 14:34:59 - [MESSAGE][INFO] - [SELF-HEALING] Failed Locator: '//textarea'.

2023-11-09 14:34:59 - [MESSAGE][INFO] - [SELF-HEALING] Failed Locator: '//textarea[@id = 'APjFqb' and @name = 'q' and @title = 'Search' and @type = 'search']'.

2023-11-09 14:34:59 - [MESSAGE][INFO] - [SELF-HEALING] Failed Locator: '//textarea[@id='APjFqb']'.

2023-11-09 14:34:59 - [MESSAGE][INFO] - [SELF-HEALING] Failed Locator: '//textarea'.

2023-11-09 14:34:59 - [MESSAGE][INFO] - [SELF-HEALING] Failed Locator: '//textarea[@id = 'APjFqb' and @name = 'q' and @title = 'Search' and @type = 'search']'.

2023-11-09 14:34:59 - [MESSAGE][INFO] - [SELF-HEALING] Failed Locator: '//textarea[@id='APjFqb']'.

2023-11-09 14:34:59 - [MESSAGE][INFO] - [SELF-HEALING] Failed Locator: '//textarea'.

2023-11-09 14:34:59 - [MESSAGE][INFO] - [SELF-HEALING] Failed Locator: '//textarea[@id = 'APjFqb' and @name = 'q' and @title = 'Search' and @type = 'search']'.

2023-11-09 14:34:59 - [MESSAGE][INFO] - [SELF-HEALING] Failed Locator: '//textarea[@id='APjFqb']'.

2023-11-09 14:34:59 - [MESSAGE][INFO] - [SELF-HEALING] Failed Locator: '//textarea'.

2023-11-09 14:34:59 - [MESSAGE][INFO] - [SELF-HEALING] Failed Locator: '//textarea[@id = 'APjFqb' and @name = 'q' and @title = 'Search' and @type = 'search']'.

2023-11-09 14:35:00 - [MESSAGE][INFO] - Unable to find the element located by 'By.xpath: //*[@id = 'APjFqb' and @name = 'q' and @title = 'Search' and @type = 'search']'. Please recheck the objects properties to make sure the desired element is located. 

2023-11-09 14:35:01 - [MESSAGE][INFO] - Unable to find the element located by 'By.cssSelector: #APjFqb'. Please recheck the objects properties to make sure the desired element is located. 

2023-11-09 14:35:02 - [MESSAGE][FAILED] - Unable to set text 'dog breeds' of object 'Object Repository/Page_Google/textarea_q' (Root cause: com.kms.katalon.core.exception.StepFailedException: Unable to set text 'dog breeds' of object 'Object Repository/Page_Google/textarea_q'
	at com.kms.katalon.core.webui.keyword.internal.WebUIKeywordMain.stepFailed(WebUIKeywordMain.groovy:64)
	at com.kms.katalon.core.webui.keyword.internal.WebUIKeywordMain.runKeyword(WebUIKeywordMain.groovy:26)
	at com.kms.katalon.core.webui.keyword.builtin.SetTextKeyword.setText(SetTextKeyword.groovy:66)
	at com.kms.katalon.core.webui.keyword.builtin.SetTextKeyword.execute(SetTextKeyword.groovy:37)
	at com.kms.katalon.core.keyword.internal.KeywordExecutor.executeKeywordForPlatform(KeywordExecutor.groovy:74)
	at com.kms.katalon.core.webui.keyword.WebUiBuiltInKeywords.setText(WebUiBuiltInKeywords.groovy:980)
	at Google-Find-Dog-Sounds.run(Google-Find-Dog-Sounds:22)
	at com.kms.katalon.core.main.ScriptEngine.run(ScriptEngine.java:194)
	at com.kms.katalon.core.main.ScriptEngine.runScriptAsRawText(ScriptEngine.java:119)
	at com.kms.katalon.core.main.TestCaseExecutor.runScript(TestCaseExecutor.java:448)
	at com.kms.katalon.core.main.TestCaseExecutor.doExecute(TestCaseExecutor.java:439)
	at com.kms.katalon.core.main.TestCaseExecutor.processExecutionPhase(TestCaseExecutor.java:418)
	at com.kms.katalon.core.main.TestCaseExecutor.accessMainPhase(TestCaseExecutor.java:410)
	at com.kms.katalon.core.main.TestCaseExecutor.execute(TestCaseExecutor.java:285)
	at com.kms.katalon.core.main.TestCaseExecutor.execute(TestCaseExecutor.java:369)
	at com.kms.katalon.core.main.TestCaseExecutor.execute(TestCaseExecutor.java:369)
	at com.kms.katalon.core.main.TestCaseExecutor.execute(TestCaseExecutor.java:369)
	at com.kms.katalon.core.common.CommonExecutor.accessTestCaseMainPhase(CommonExecutor.java:65)
	at com.kms.katalon.core.main.TestSuiteExecutor.accessTestSuiteMainPhase(TestSuiteExecutor.java:148)
	at com.kms.katalon.core.main.TestSuiteExecutor.execute(TestSuiteExecutor.java:106)
	at com.kms.katalon.core.main.TestCaseMain.startTestSuite(TestCaseMain.java:187)
	at TempTestSuite1699561943401.run(TempTestSuite1699561943401.groovy:36)
	at java.base/jdk.internal.reflect.NativeMethodAccessorImpl.invoke0(Native Method)
	at java.base/jdk.internal.reflect.NativeMethodAccessorImpl.invoke(NativeMethodAccessorImpl.java:77)
	at java.base/jdk.internal.reflect.DelegatingMethodAccessorImpl.invoke(DelegatingMethodAccessorImpl.java:43)
Caused by: com.kms.katalon.core.webui.exception.WebElementNotFoundException: Web element with id: 'Object Repository/Page_Google/textarea_q' located by '//textarea[@id='APjFqb']' not found
	at com.kms.katalon.core.webui.common.WebUiCommonHelper.findWebElement(WebUiCommonHelper.java:1379)
	at com.kms.katalon.core.webui.keyword.internal.WebUIAbstractKeyword.findWebElement(WebUIAbstractKeyword.groovy:27)
	at com.kms.katalon.core.webui.keyword.internal.WebUIAbstractKeyword.findWebElement(WebUIAbstractKeyword.groovy:26)
	at com.kms.katalon.core.webui.keyword.builtin.SetTextKeyword$_setText_closure1.doCall(SetTextKeyword.groovy:51)
	at com.kms.katalon.core.webui.keyword.builtin.SetTextKeyword$_setText_closure1.call(SetTextKeyword.groovy)
	at com.kms.katalon.core.webui.keyword.internal.WebUIKeywordMain.runKeyword(WebUIKeywordMain.groovy:20)
	at com.kms.katalon.core.webui.keyword.builtin.SetTextKeyword.setText(SetTextKeyword.groovy:66)
	at com.kms.katalon.core.webui.keyword.builtin.SetTextKeyword.execute(SetTextKeyword.groovy:37)
	at com.kms.katalon.core.keyword.internal.KeywordExecutor.executeKeywordForPlatform(KeywordExecutor.groovy:74)
	at com.kms.katalon.core.webui.keyword.WebUiBuiltInKeywords.setText(WebUiBuiltInKeywords.groovy:980)
	at Script1699556894841.run(Script1699556894841.groovy:22)
	... 18 more
)
[[ATTACHMENT|C:\\Users\\ithibodeaux\\IdeaProjects\\KatalonTraining\\KatalonTraining\\Reports\\20231109_143223\\Google\\20231109_143223\\1699562101899.png]]]]></system-out>
         <system-err><![CDATA[2023-11-09 14:34:24 - [TEST_CASE][FAILED] - Test Cases/Google-Find-Dog-Sounds: Test Cases/Google-Find-Dog-Sounds FAILED.
Reason:
com.kms.katalon.core.exception.StepFailedException: Unable to set text 'dog breeds' of object 'Object Repository/Page_Google/textarea_q'
	at com.kms.katalon.core.webui.keyword.internal.WebUIKeywordMain.stepFailed(WebUIKeywordMain.groovy:64)
	at com.kms.katalon.core.webui.keyword.internal.WebUIKeywordMain.runKeyword(WebUIKeywordMain.groovy:26)
	at com.kms.katalon.core.webui.keyword.builtin.SetTextKeyword.setText(SetTextKeyword.groovy:66)
	at com.kms.katalon.core.webui.keyword.builtin.SetTextKeyword.execute(SetTextKeyword.groovy:37)
	at com.kms.katalon.core.keyword.internal.KeywordExecutor.executeKeywordForPlatform(KeywordExecutor.groovy:74)
	at com.kms.katalon.core.webui.keyword.WebUiBuiltInKeywords.setText(WebUiBuiltInKeywords.groovy:980)
	at Google-Find-Dog-Sounds.run(Google-Find-Dog-Sounds:22)
	at com.kms.katalon.core.main.ScriptEngine.run(ScriptEngine.java:194)
	at com.kms.katalon.core.main.ScriptEngine.runScriptAsRawText(ScriptEngine.java:119)
	at com.kms.katalon.core.main.TestCaseExecutor.runScript(TestCaseExecutor.java:448)
	at com.kms.katalon.core.main.TestCaseExecutor.doExecute(TestCaseExecutor.java:439)
	at com.kms.katalon.core.main.TestCaseExecutor.processExecutionPhase(TestCaseExecutor.java:418)
	at com.kms.katalon.core.main.TestCaseExecutor.accessMainPhase(TestCaseExecutor.java:410)
	at com.kms.katalon.core.main.TestCaseExecutor.execute(TestCaseExecutor.java:285)
	at com.kms.katalon.core.main.TestCaseExecutor.execute(TestCaseExecutor.java:369)
	at com.kms.katalon.core.main.TestCaseExecutor.execute(TestCaseExecutor.java:369)
	at com.kms.katalon.core.main.TestCaseExecutor.execute(TestCaseExecutor.java:369)
	at com.kms.katalon.core.common.CommonExecutor.accessTestCaseMainPhase(CommonExecutor.java:65)
	at com.kms.katalon.core.main.TestSuiteExecutor.accessTestSuiteMainPhase(TestSuiteExecutor.java:148)
	at com.kms.katalon.core.main.TestSuiteExecutor.execute(TestSuiteExecutor.java:106)
	at com.kms.katalon.core.main.TestCaseMain.startTestSuite(TestCaseMain.java:187)
	at TempTestSuite1699561943401.run(TempTestSuite1699561943401.groovy:36)
	at java.base/jdk.internal.reflect.NativeMethodAccessorImpl.invoke0(Native Method)
	at java.base/jdk.internal.reflect.NativeMethodAccessorImpl.invoke(NativeMethodAccessorImpl.java:77)
	at java.base/jdk.internal.reflect.DelegatingMethodAccessorImpl.invoke(DelegatingMethodAccessorImpl.java:43)
Caused by: com.kms.katalon.core.webui.exception.WebElementNotFoundException: Web element with id: 'Object Repository/Page_Google/textarea_q' located by '//textarea[@id='APjFqb']' not found
	at com.kms.katalon.core.webui.common.WebUiCommonHelper.findWebElement(WebUiCommonHelper.java:1379)
	at com.kms.katalon.core.webui.keyword.internal.WebUIAbstractKeyword.findWebElement(WebUIAbstractKeyword.groovy:27)
	at com.kms.katalon.core.webui.keyword.internal.WebUIAbstractKeyword.findWebElement(WebUIAbstractKeyword.groovy:26)
	at com.kms.katalon.core.webui.keyword.builtin.SetTextKeyword$_setText_closure1.doCall(SetTextKeyword.groovy:51)
	at com.kms.katalon.core.webui.keyword.builtin.SetTextKeyword$_setText_closure1.call(SetTextKeyword.groovy)
	at com.kms.katalon.core.webui.keyword.internal.WebUIKeywordMain.runKeyword(WebUIKeywordMain.groovy:20)
	... 23 more]]></system-err>
      </testcase>
      <testcase name="Test Cases/Google-Find-Funny-Dog-Videos" time="37.857" classname="Test Cases/Google-Find-Funny-Dog-Videos" status="FAILED">
         <failure type="FAILED" message="Test Cases/Google-Find-Funny-Dog-Videos FAILED.&#xa;Reason:&#xa;com.kms.katalon.core.exception.StepFailedException: Unable to set text 'funny dog videos' of object 'Object Repository/Page_Google/textarea_q'&#xa;	at com.kms.katalon.core.webui.keyword.internal.WebUIKeywordMain.stepFailed(WebUIKeywordMain.groovy:64)&#xa;	at com.kms.katalon.core.webui.keyword.internal.WebUIKeywordMain.runKeyword(WebUIKeywordMain.groovy:26)&#xa;	at com.kms.katalon.core.webui.keyword.builtin.SetTextKeyword.setText(SetTextKeyword.groovy:66)&#xa;	at com.kms.katalon.core.webui.keyword.builtin.SetTextKeyword.execute(SetTextKeyword.groovy:37)&#xa;	at com.kms.katalon.core.keyword.internal.KeywordExecutor.executeKeywordForPlatform(KeywordExecutor.groovy:74)&#xa;	at com.kms.katalon.core.webui.keyword.WebUiBuiltInKeywords.setText(WebUiBuiltInKeywords.groovy:980)&#xa;	at Google-Find-Funny-Dog-Videos.run(Google-Find-Funny-Dog-Videos:22)&#xa;	at com.kms.katalon.core.main.ScriptEngine.run(ScriptEngine.java:194)&#xa;	at com.kms.katalon.core.main.ScriptEngine.runScriptAsRawText(ScriptEngine.java:119)&#xa;	at com.kms.katalon.core.main.TestCaseExecutor.runScript(TestCaseExecutor.java:448)&#xa;	at com.kms.katalon.core.main.TestCaseExecutor.doExecute(TestCaseExecutor.java:439)&#xa;	at com.kms.katalon.core.main.TestCaseExecutor.processExecutionPhase(TestCaseExecutor.java:418)&#xa;	at com.kms.katalon.core.main.TestCaseExecutor.accessMainPhase(TestCaseExecutor.java:410)&#xa;	at com.kms.katalon.core.main.TestCaseExecutor.execute(TestCaseExecutor.java:285)&#xa;	at com.kms.katalon.core.main.TestCaseExecutor.execute(TestCaseExecutor.java:369)&#xa;	at com.kms.katalon.core.main.TestCaseExecutor.execute(TestCaseExecutor.java:369)&#xa;	at com.kms.katalon.core.main.TestCaseExecutor.execute(TestCaseExecutor.java:369)&#xa;	at com.kms.katalon.core.common.CommonExecutor.accessTestCaseMainPhase(CommonExecutor.java:65)&#xa;	at com.kms.katalon.core.main.TestSuiteExecutor.accessTestSuiteMainPhase(TestSuiteExecutor.java:148)&#xa;	at com.kms.katalon.core.main.TestSuiteExecutor.execute(TestSuiteExecutor.java:106)&#xa;	at com.kms.katalon.core.main.TestCaseMain.startTestSuite(TestCaseMain.java:187)&#xa;	at TempTestSuite1699561943401.run(TempTestSuite1699561943401.groovy:36)&#xa;	at java.base/jdk.internal.reflect.NativeMethodAccessorImpl.invoke0(Native Method)&#xa;	at java.base/jdk.internal.reflect.NativeMethodAccessorImpl.invoke(NativeMethodAccessorImpl.java:77)&#xa;	at java.base/jdk.internal.reflect.DelegatingMethodAccessorImpl.invoke(DelegatingMethodAccessorImpl.java:43)&#xa;Caused by: com.kms.katalon.core.webui.exception.WebElementNotFoundException: Web element with id: 'Object Repository/Page_Google/textarea_q' located by '//textarea[@id='APjFqb']' not found&#xa;	at com.kms.katalon.core.webui.common.WebUiCommonHelper.findWebElement(WebUiCommonHelper.java:1379)&#xa;	at com.kms.katalon.core.webui.keyword.internal.WebUIAbstractKeyword.findWebElement(WebUIAbstractKeyword.groovy:27)&#xa;	at com.kms.katalon.core.webui.keyword.internal.WebUIAbstractKeyword.findWebElement(WebUIAbstractKeyword.groovy:26)&#xa;	at com.kms.katalon.core.webui.keyword.builtin.SetTextKeyword$_setText_closure1.doCall(SetTextKeyword.groovy:51)&#xa;	at com.kms.katalon.core.webui.keyword.builtin.SetTextKeyword$_setText_closure1.call(SetTextKeyword.groovy)&#xa;	at com.kms.katalon.core.webui.keyword.internal.WebUIKeywordMain.runKeyword(WebUIKeywordMain.groovy:20)&#xa;	... 23 more&#xa;"/>
         <system-out><![CDATA[2023-11-09 14:36:55 - [TEST_CASE][FAILED] - Test Cases/Google-Find-Funny-Dog-Videos: Test Cases/Google-Find-Funny-Dog-Videos FAILED.
Reason:
com.kms.katalon.core.exception.StepFailedException: Unable to set text 'funny dog videos' of object 'Object Repository/Page_Google/textarea_q'
	at com.kms.katalon.core.webui.keyword.internal.WebUIKeywordMain.stepFailed(WebUIKeywordMain.groovy:64)
	at com.kms.katalon.core.webui.keyword.internal.WebUIKeywordMain.runKeyword(WebUIKeywordMain.groovy:26)
	at com.kms.katalon.core.webui.keyword.builtin.SetTextKeyword.setText(SetTextKeyword.groovy:66)
	at com.kms.katalon.core.webui.keyword.builtin.SetTextKeyword.execute(SetTextKeyword.groovy:37)
	at com.kms.katalon.core.keyword.internal.KeywordExecutor.executeKeywordForPlatform(KeywordExecutor.groovy:74)
	at com.kms.katalon.core.webui.keyword.WebUiBuiltInKeywords.setText(WebUiBuiltInKeywords.groovy:980)
	at Google-Find-Funny-Dog-Videos.run(Google-Find-Funny-Dog-Videos:22)
	at com.kms.katalon.core.main.ScriptEngine.run(ScriptEngine.java:194)
	at com.kms.katalon.core.main.ScriptEngine.runScriptAsRawText(ScriptEngine.java:119)
	at com.kms.katalon.core.main.TestCaseExecutor.runScript(TestCaseExecutor.java:448)
	at com.kms.katalon.core.main.TestCaseExecutor.doExecute(TestCaseExecutor.java:439)
	at com.kms.katalon.core.main.TestCaseExecutor.processExecutionPhase(TestCaseExecutor.java:418)
	at com.kms.katalon.core.main.TestCaseExecutor.accessMainPhase(TestCaseExecutor.java:410)
	at com.kms.katalon.core.main.TestCaseExecutor.execute(TestCaseExecutor.java:285)
	at com.kms.katalon.core.main.TestCaseExecutor.execute(TestCaseExecutor.java:369)
	at com.kms.katalon.core.main.TestCaseExecutor.execute(TestCaseExecutor.java:369)
	at com.kms.katalon.core.main.TestCaseExecutor.execute(TestCaseExecutor.java:369)
	at com.kms.katalon.core.common.CommonExecutor.accessTestCaseMainPhase(CommonExecutor.java:65)
	at com.kms.katalon.core.main.TestSuiteExecutor.accessTestSuiteMainPhase(TestSuiteExecutor.java:148)
	at com.kms.katalon.core.main.TestSuiteExecutor.execute(TestSuiteExecutor.java:106)
	at com.kms.katalon.core.main.TestCaseMain.startTestSuite(TestCaseMain.java:187)
	at TempTestSuite1699561943401.run(TempTestSuite1699561943401.groovy:36)
	at java.base/jdk.internal.reflect.NativeMethodAccessorImpl.invoke0(Native Method)
	at java.base/jdk.internal.reflect.NativeMethodAccessorImpl.invoke(NativeMethodAccessorImpl.java:77)
	at java.base/jdk.internal.reflect.DelegatingMethodAccessorImpl.invoke(DelegatingMethodAccessorImpl.java:43)
Caused by: com.kms.katalon.core.webui.exception.WebElementNotFoundException: Web element with id: 'Object Repository/Page_Google/textarea_q' located by '//textarea[@id='APjFqb']' not found
	at com.kms.katalon.core.webui.common.WebUiCommonHelper.findWebElement(WebUiCommonHelper.java:1379)
	at com.kms.katalon.core.webui.keyword.internal.WebUIAbstractKeyword.findWebElement(WebUIAbstractKeyword.groovy:27)
	at com.kms.katalon.core.webui.keyword.internal.WebUIAbstractKeyword.findWebElement(WebUIAbstractKeyword.groovy:26)
	at com.kms.katalon.core.webui.keyword.builtin.SetTextKeyword$_setText_closure1.doCall(SetTextKeyword.groovy:51)
	at com.kms.katalon.core.webui.keyword.builtin.SetTextKeyword$_setText_closure1.call(SetTextKeyword.groovy)
	at com.kms.katalon.core.webui.keyword.internal.WebUIKeywordMain.runKeyword(WebUIKeywordMain.groovy:20)
	... 23 more


2023-11-09 14:36:55 - [TEST_STEP][PASSED] - openBrowser(""): Browser is opened with url: ''

2023-11-09 14:36:55 - [MESSAGE][WARNING] - A browser is already opened. Closing browser and opening a new one

2023-11-09 14:36:56 - [MESSAGE][INFO] - Starting 'Chrome' driver

2023-11-09 14:36:56 - [MESSAGE][INFO] - Action delay is set to 0 milliseconds

2023-11-09 14:36:59 - [MESSAGE][PASSED] - Browser is opened with url: ''

2023-11-09 14:36:59 - [TEST_STEP][FAILED] - setText(findTestObject("Object Repository/Page_Google/textarea_q"), "funny dog videos"): Unable to set text 'funny dog videos' of object 'Object Repository/Page_Google/textarea_q' (Root cause: com.kms.katalon.core.exception.StepFailedException: Unable to set text 'funny dog videos' of object 'Object Repository/Page_Google/textarea_q'
	at com.kms.katalon.core.webui.keyword.internal.WebUIKeywordMain.stepFailed(WebUIKeywordMain.groovy:64)
	at com.kms.katalon.core.webui.keyword.internal.WebUIKeywordMain.runKeyword(WebUIKeywordMain.groovy:26)
	at com.kms.katalon.core.webui.keyword.builtin.SetTextKeyword.setText(SetTextKeyword.groovy:66)
	at com.kms.katalon.core.webui.keyword.builtin.SetTextKeyword.execute(SetTextKeyword.groovy:37)
	at com.kms.katalon.core.keyword.internal.KeywordExecutor.executeKeywordForPlatform(KeywordExecutor.groovy:74)
	at com.kms.katalon.core.webui.keyword.WebUiBuiltInKeywords.setText(WebUiBuiltInKeywords.groovy:980)
	at Google-Find-Funny-Dog-Videos.run(Google-Find-Funny-Dog-Videos:22)
	at com.kms.katalon.core.main.ScriptEngine.run(ScriptEngine.java:194)
	at com.kms.katalon.core.main.ScriptEngine.runScriptAsRawText(ScriptEngine.java:119)
	at com.kms.katalon.core.main.TestCaseExecutor.runScript(TestCaseExecutor.java:448)
	at com.kms.katalon.core.main.TestCaseExecutor.doExecute(TestCaseExecutor.java:439)
	at com.kms.katalon.core.main.TestCaseExecutor.processExecutionPhase(TestCaseExecutor.java:418)
	at com.kms.katalon.core.main.TestCaseExecutor.accessMainPhase(TestCaseExecutor.java:410)
	at com.kms.katalon.core.main.TestCaseExecutor.execute(TestCaseExecutor.java:285)
	at com.kms.katalon.core.main.TestCaseExecutor.execute(TestCaseExecutor.java:369)
	at com.kms.katalon.core.main.TestCaseExecutor.execute(TestCaseExecutor.java:369)
	at com.kms.katalon.core.main.TestCaseExecutor.execute(TestCaseExecutor.java:369)
	at com.kms.katalon.core.common.CommonExecutor.accessTestCaseMainPhase(CommonExecutor.java:65)
	at com.kms.katalon.core.main.TestSuiteExecutor.accessTestSuiteMainPhase(TestSuiteExecutor.java:148)
	at com.kms.katalon.core.main.TestSuiteExecutor.execute(TestSuiteExecutor.java:106)
	at com.kms.katalon.core.main.TestCaseMain.startTestSuite(TestCaseMain.java:187)
	at TempTestSuite1699561943401.run(TempTestSuite1699561943401.groovy:36)
	at java.base/jdk.internal.reflect.NativeMethodAccessorImpl.invoke0(Native Method)
	at java.base/jdk.internal.reflect.NativeMethodAccessorImpl.invoke(NativeMethodAccessorImpl.java:77)
	at java.base/jdk.internal.reflect.DelegatingMethodAccessorImpl.invoke(DelegatingMethodAccessorImpl.java:43)
Caused by: com.kms.katalon.core.webui.exception.WebElementNotFoundException: Web element with id: 'Object Repository/Page_Google/textarea_q' located by '//textarea[@id='APjFqb']' not found
	at com.kms.katalon.core.webui.common.WebUiCommonHelper.findWebElement(WebUiCommonHelper.java:1379)
	at com.kms.katalon.core.webui.keyword.internal.WebUIAbstractKeyword.findWebElement(WebUIAbstractKeyword.groovy:27)
	at com.kms.katalon.core.webui.keyword.internal.WebUIAbstractKeyword.findWebElement(WebUIAbstractKeyword.groovy:26)
	at com.kms.katalon.core.webui.keyword.builtin.SetTextKeyword$_setText_closure1.doCall(SetTextKeyword.groovy:51)
	at com.kms.katalon.core.webui.keyword.builtin.SetTextKeyword$_setText_closure1.call(SetTextKeyword.groovy)
	at com.kms.katalon.core.webui.keyword.internal.WebUIKeywordMain.runKeyword(WebUIKeywordMain.groovy:20)
	at com.kms.katalon.core.webui.keyword.builtin.SetTextKeyword.setText(SetTextKeyword.groovy:66)
	at com.kms.katalon.core.webui.keyword.builtin.SetTextKeyword.execute(SetTextKeyword.groovy:37)
	at com.kms.katalon.core.keyword.internal.KeywordExecutor.executeKeywordForPlatform(KeywordExecutor.groovy:74)
	at com.kms.katalon.core.webui.keyword.WebUiBuiltInKeywords.setText(WebUiBuiltInKeywords.groovy:980)
	at Script1699556920070.run(Script1699556920070.groovy:22)
	... 18 more
)

2023-11-09 14:37:30 - [MESSAGE][INFO] - Unable to find the element located by 'By.xpath: //textarea[@id='APjFqb']'. Please recheck the objects properties to make sure the desired element is located. 

2023-11-09 14:37:30 - [MESSAGE][WARNING] - [SELF-HEALING] Failed to find element with id 'Object Repository/Page_Google/textarea_q'. Try using Self-healing.

2023-11-09 14:37:30 - [MESSAGE][INFO] - [SELF-HEALING] Failed Locator: '//textarea[@id='APjFqb']'.

2023-11-09 14:37:30 - [MESSAGE][INFO] - [SELF-HEALING] Failed Locator: '//textarea'.

2023-11-09 14:37:30 - [MESSAGE][INFO] - [SELF-HEALING] Failed Locator: '//textarea[@id = 'APjFqb' and @name = 'q' and @title = 'Search' and @type = 'search']'.

2023-11-09 14:37:30 - [MESSAGE][INFO] - [SELF-HEALING] Failed Locator: '//textarea[@id='APjFqb']'.

2023-11-09 14:37:30 - [MESSAGE][INFO] - [SELF-HEALING] Failed Locator: '//textarea'.

2023-11-09 14:37:30 - [MESSAGE][INFO] - [SELF-HEALING] Failed Locator: '//textarea[@id = 'APjFqb' and @name = 'q' and @title = 'Search' and @type = 'search']'.

2023-11-09 14:37:30 - [MESSAGE][INFO] - [SELF-HEALING] Failed Locator: '//textarea[@id='APjFqb']'.

2023-11-09 14:37:30 - [MESSAGE][INFO] - [SELF-HEALING] Failed Locator: '//textarea'.

2023-11-09 14:37:30 - [MESSAGE][INFO] - [SELF-HEALING] Failed Locator: '//textarea[@id = 'APjFqb' and @name = 'q' and @title = 'Search' and @type = 'search']'.

2023-11-09 14:37:30 - [MESSAGE][INFO] - [SELF-HEALING] Failed Locator: '//textarea[@id='APjFqb']'.

2023-11-09 14:37:30 - [MESSAGE][INFO] - [SELF-HEALING] Failed Locator: '//textarea'.

2023-11-09 14:37:30 - [MESSAGE][INFO] - [SELF-HEALING] Failed Locator: '//textarea[@id = 'APjFqb' and @name = 'q' and @title = 'Search' and @type = 'search']'.

2023-11-09 14:37:30 - [MESSAGE][INFO] - [SELF-HEALING] Failed Locator: '//textarea[@id='APjFqb']'.

2023-11-09 14:37:30 - [MESSAGE][INFO] - [SELF-HEALING] Failed Locator: '//textarea'.

2023-11-09 14:37:30 - [MESSAGE][INFO] - [SELF-HEALING] Failed Locator: '//textarea[@id = 'APjFqb' and @name = 'q' and @title = 'Search' and @type = 'search']'.

2023-11-09 14:37:30 - [MESSAGE][INFO] - [SELF-HEALING] Failed Locator: '//textarea[@id='APjFqb']'.

2023-11-09 14:37:30 - [MESSAGE][INFO] - [SELF-HEALING] Failed Locator: '//textarea'.

2023-11-09 14:37:30 - [MESSAGE][INFO] - [SELF-HEALING] Failed Locator: '//textarea[@id = 'APjFqb' and @name = 'q' and @title = 'Search' and @type = 'search']'.

2023-11-09 14:37:30 - [MESSAGE][INFO] - [SELF-HEALING] Failed Locator: '//textarea[@id='APjFqb']'.

2023-11-09 14:37:30 - [MESSAGE][INFO] - [SELF-HEALING] Failed Locator: '//textarea'.

2023-11-09 14:37:30 - [MESSAGE][INFO] - [SELF-HEALING] Failed Locator: '//textarea[@id = 'APjFqb' and @name = 'q' and @title = 'Search' and @type = 'search']'.

2023-11-09 14:37:30 - [MESSAGE][INFO] - [SELF-HEALING] Failed Locator: '//textarea[@id='APjFqb']'.

2023-11-09 14:37:30 - [MESSAGE][INFO] - [SELF-HEALING] Failed Locator: '//textarea'.

2023-11-09 14:37:30 - [MESSAGE][INFO] - [SELF-HEALING] Failed Locator: '//textarea[@id = 'APjFqb' and @name = 'q' and @title = 'Search' and @type = 'search']'.

2023-11-09 14:37:30 - [MESSAGE][INFO] - [SELF-HEALING] Failed Locator: '//textarea[@id='APjFqb']'.

2023-11-09 14:37:30 - [MESSAGE][INFO] - [SELF-HEALING] Failed Locator: '//textarea'.

2023-11-09 14:37:30 - [MESSAGE][INFO] - [SELF-HEALING] Failed Locator: '//textarea[@id = 'APjFqb' and @name = 'q' and @title = 'Search' and @type = 'search']'.

2023-11-09 14:37:31 - [MESSAGE][INFO] - [SELF-HEALING] Failed Locator: '//textarea[@id='APjFqb']'.

2023-11-09 14:37:31 - [MESSAGE][INFO] - [SELF-HEALING] Failed Locator: '//textarea'.

2023-11-09 14:37:31 - [MESSAGE][INFO] - [SELF-HEALING] Failed Locator: '//textarea[@id = 'APjFqb' and @name = 'q' and @title = 'Search' and @type = 'search']'.

2023-11-09 14:37:31 - [MESSAGE][INFO] - [SELF-HEALING] Failed Locator: '//textarea[@id='APjFqb']'.

2023-11-09 14:37:31 - [MESSAGE][INFO] - [SELF-HEALING] Failed Locator: '//textarea'.

2023-11-09 14:37:31 - [MESSAGE][INFO] - [SELF-HEALING] Failed Locator: '//textarea[@id = 'APjFqb' and @name = 'q' and @title = 'Search' and @type = 'search']'.

2023-11-09 14:37:31 - [MESSAGE][INFO] - [SELF-HEALING] Failed Locator: '//textarea[@id='APjFqb']'.

2023-11-09 14:37:31 - [MESSAGE][INFO] - [SELF-HEALING] Failed Locator: '//textarea'.

2023-11-09 14:37:31 - [MESSAGE][INFO] - [SELF-HEALING] Failed Locator: '//textarea[@id = 'APjFqb' and @name = 'q' and @title = 'Search' and @type = 'search']'.

2023-11-09 14:37:31 - [MESSAGE][INFO] - [SELF-HEALING] Failed Locator: '//textarea[@id='APjFqb']'.

2023-11-09 14:37:31 - [MESSAGE][INFO] - [SELF-HEALING] Failed Locator: '//textarea'.

2023-11-09 14:37:31 - [MESSAGE][INFO] - [SELF-HEALING] Failed Locator: '//textarea[@id = 'APjFqb' and @name = 'q' and @title = 'Search' and @type = 'search']'.

2023-11-09 14:37:31 - [MESSAGE][INFO] - [SELF-HEALING] Failed Locator: '//textarea[@id='APjFqb']'.

2023-11-09 14:37:31 - [MESSAGE][INFO] - [SELF-HEALING] Failed Locator: '//textarea'.

2023-11-09 14:37:31 - [MESSAGE][INFO] - [SELF-HEALING] Failed Locator: '//textarea[@id = 'APjFqb' and @name = 'q' and @title = 'Search' and @type = 'search']'.

2023-11-09 14:37:31 - [MESSAGE][INFO] - [SELF-HEALING] Failed Locator: '//textarea[@id='APjFqb']'.

2023-11-09 14:37:31 - [MESSAGE][INFO] - [SELF-HEALING] Failed Locator: '//textarea'.

2023-11-09 14:37:31 - [MESSAGE][INFO] - [SELF-HEALING] Failed Locator: '//textarea[@id = 'APjFqb' and @name = 'q' and @title = 'Search' and @type = 'search']'.

2023-11-09 14:37:31 - [MESSAGE][INFO] - [SELF-HEALING] Failed Locator: '//textarea[@id='APjFqb']'.

2023-11-09 14:37:31 - [MESSAGE][INFO] - [SELF-HEALING] Failed Locator: '//textarea'.

2023-11-09 14:37:31 - [MESSAGE][INFO] - [SELF-HEALING] Failed Locator: '//textarea[@id = 'APjFqb' and @name = 'q' and @title = 'Search' and @type = 'search']'.

2023-11-09 14:37:31 - [MESSAGE][INFO] - [SELF-HEALING] Failed Locator: '//textarea[@id='APjFqb']'.

2023-11-09 14:37:31 - [MESSAGE][INFO] - [SELF-HEALING] Failed Locator: '//textarea'.

2023-11-09 14:37:31 - [MESSAGE][INFO] - [SELF-HEALING] Failed Locator: '//textarea[@id = 'APjFqb' and @name = 'q' and @title = 'Search' and @type = 'search']'.

2023-11-09 14:37:31 - [MESSAGE][INFO] - [SELF-HEALING] Failed Locator: '//textarea[@id='APjFqb']'.

2023-11-09 14:37:31 - [MESSAGE][INFO] - [SELF-HEALING] Failed Locator: '//textarea'.

2023-11-09 14:37:31 - [MESSAGE][INFO] - [SELF-HEALING] Failed Locator: '//textarea[@id = 'APjFqb' and @name = 'q' and @title = 'Search' and @type = 'search']'.

2023-11-09 14:37:32 - [MESSAGE][INFO] - Unable to find the element located by 'By.xpath: //*[@id = 'APjFqb' and @name = 'q' and @title = 'Search' and @type = 'search']'. Please recheck the objects properties to make sure the desired element is located. 

2023-11-09 14:37:33 - [MESSAGE][INFO] - Unable to find the element located by 'By.cssSelector: #APjFqb'. Please recheck the objects properties to make sure the desired element is located. 

2023-11-09 14:37:33 - [MESSAGE][FAILED] - Unable to set text 'funny dog videos' of object 'Object Repository/Page_Google/textarea_q' (Root cause: com.kms.katalon.core.exception.StepFailedException: Unable to set text 'funny dog videos' of object 'Object Repository/Page_Google/textarea_q'
	at com.kms.katalon.core.webui.keyword.internal.WebUIKeywordMain.stepFailed(WebUIKeywordMain.groovy:64)
	at com.kms.katalon.core.webui.keyword.internal.WebUIKeywordMain.runKeyword(WebUIKeywordMain.groovy:26)
	at com.kms.katalon.core.webui.keyword.builtin.SetTextKeyword.setText(SetTextKeyword.groovy:66)
	at com.kms.katalon.core.webui.keyword.builtin.SetTextKeyword.execute(SetTextKeyword.groovy:37)
	at com.kms.katalon.core.keyword.internal.KeywordExecutor.executeKeywordForPlatform(KeywordExecutor.groovy:74)
	at com.kms.katalon.core.webui.keyword.WebUiBuiltInKeywords.setText(WebUiBuiltInKeywords.groovy:980)
	at Google-Find-Funny-Dog-Videos.run(Google-Find-Funny-Dog-Videos:22)
	at com.kms.katalon.core.main.ScriptEngine.run(ScriptEngine.java:194)
	at com.kms.katalon.core.main.ScriptEngine.runScriptAsRawText(ScriptEngine.java:119)
	at com.kms.katalon.core.main.TestCaseExecutor.runScript(TestCaseExecutor.java:448)
	at com.kms.katalon.core.main.TestCaseExecutor.doExecute(TestCaseExecutor.java:439)
	at com.kms.katalon.core.main.TestCaseExecutor.processExecutionPhase(TestCaseExecutor.java:418)
	at com.kms.katalon.core.main.TestCaseExecutor.accessMainPhase(TestCaseExecutor.java:410)
	at com.kms.katalon.core.main.TestCaseExecutor.execute(TestCaseExecutor.java:285)
	at com.kms.katalon.core.main.TestCaseExecutor.execute(TestCaseExecutor.java:369)
	at com.kms.katalon.core.main.TestCaseExecutor.execute(TestCaseExecutor.java:369)
	at com.kms.katalon.core.main.TestCaseExecutor.execute(TestCaseExecutor.java:369)
	at com.kms.katalon.core.common.CommonExecutor.accessTestCaseMainPhase(CommonExecutor.java:65)
	at com.kms.katalon.core.main.TestSuiteExecutor.accessTestSuiteMainPhase(TestSuiteExecutor.java:148)
	at com.kms.katalon.core.main.TestSuiteExecutor.execute(TestSuiteExecutor.java:106)
	at com.kms.katalon.core.main.TestCaseMain.startTestSuite(TestCaseMain.java:187)
	at TempTestSuite1699561943401.run(TempTestSuite1699561943401.groovy:36)
	at java.base/jdk.internal.reflect.NativeMethodAccessorImpl.invoke0(Native Method)
	at java.base/jdk.internal.reflect.NativeMethodAccessorImpl.invoke(NativeMethodAccessorImpl.java:77)
	at java.base/jdk.internal.reflect.DelegatingMethodAccessorImpl.invoke(DelegatingMethodAccessorImpl.java:43)
Caused by: com.kms.katalon.core.webui.exception.WebElementNotFoundException: Web element with id: 'Object Repository/Page_Google/textarea_q' located by '//textarea[@id='APjFqb']' not found
	at com.kms.katalon.core.webui.common.WebUiCommonHelper.findWebElement(WebUiCommonHelper.java:1379)
	at com.kms.katalon.core.webui.keyword.internal.WebUIAbstractKeyword.findWebElement(WebUIAbstractKeyword.groovy:27)
	at com.kms.katalon.core.webui.keyword.internal.WebUIAbstractKeyword.findWebElement(WebUIAbstractKeyword.groovy:26)
	at com.kms.katalon.core.webui.keyword.builtin.SetTextKeyword$_setText_closure1.doCall(SetTextKeyword.groovy:51)
	at com.kms.katalon.core.webui.keyword.builtin.SetTextKeyword$_setText_closure1.call(SetTextKeyword.groovy)
	at com.kms.katalon.core.webui.keyword.internal.WebUIKeywordMain.runKeyword(WebUIKeywordMain.groovy:20)
	at com.kms.katalon.core.webui.keyword.builtin.SetTextKeyword.setText(SetTextKeyword.groovy:66)
	at com.kms.katalon.core.webui.keyword.builtin.SetTextKeyword.execute(SetTextKeyword.groovy:37)
	at com.kms.katalon.core.keyword.internal.KeywordExecutor.executeKeywordForPlatform(KeywordExecutor.groovy:74)
	at com.kms.katalon.core.webui.keyword.WebUiBuiltInKeywords.setText(WebUiBuiltInKeywords.groovy:980)
	at Script1699556920070.run(Script1699556920070.groovy:22)
	... 18 more
)
[[ATTACHMENT|C:\\Users\\ithibodeaux\\IdeaProjects\\KatalonTraining\\KatalonTraining\\Reports\\20231109_143223\\Google\\20231109_143223\\1699562253514.png]]]]></system-out>
         <system-err><![CDATA[2023-11-09 14:36:55 - [TEST_CASE][FAILED] - Test Cases/Google-Find-Funny-Dog-Videos: Test Cases/Google-Find-Funny-Dog-Videos FAILED.
Reason:
com.kms.katalon.core.exception.StepFailedException: Unable to set text 'funny dog videos' of object 'Object Repository/Page_Google/textarea_q'
	at com.kms.katalon.core.webui.keyword.internal.WebUIKeywordMain.stepFailed(WebUIKeywordMain.groovy:64)
	at com.kms.katalon.core.webui.keyword.internal.WebUIKeywordMain.runKeyword(WebUIKeywordMain.groovy:26)
	at com.kms.katalon.core.webui.keyword.builtin.SetTextKeyword.setText(SetTextKeyword.groovy:66)
	at com.kms.katalon.core.webui.keyword.builtin.SetTextKeyword.execute(SetTextKeyword.groovy:37)
	at com.kms.katalon.core.keyword.internal.KeywordExecutor.executeKeywordForPlatform(KeywordExecutor.groovy:74)
	at com.kms.katalon.core.webui.keyword.WebUiBuiltInKeywords.setText(WebUiBuiltInKeywords.groovy:980)
	at Google-Find-Funny-Dog-Videos.run(Google-Find-Funny-Dog-Videos:22)
	at com.kms.katalon.core.main.ScriptEngine.run(ScriptEngine.java:194)
	at com.kms.katalon.core.main.ScriptEngine.runScriptAsRawText(ScriptEngine.java:119)
	at com.kms.katalon.core.main.TestCaseExecutor.runScript(TestCaseExecutor.java:448)
	at com.kms.katalon.core.main.TestCaseExecutor.doExecute(TestCaseExecutor.java:439)
	at com.kms.katalon.core.main.TestCaseExecutor.processExecutionPhase(TestCaseExecutor.java:418)
	at com.kms.katalon.core.main.TestCaseExecutor.accessMainPhase(TestCaseExecutor.java:410)
	at com.kms.katalon.core.main.TestCaseExecutor.execute(TestCaseExecutor.java:285)
	at com.kms.katalon.core.main.TestCaseExecutor.execute(TestCaseExecutor.java:369)
	at com.kms.katalon.core.main.TestCaseExecutor.execute(TestCaseExecutor.java:369)
	at com.kms.katalon.core.main.TestCaseExecutor.execute(TestCaseExecutor.java:369)
	at com.kms.katalon.core.common.CommonExecutor.accessTestCaseMainPhase(CommonExecutor.java:65)
	at com.kms.katalon.core.main.TestSuiteExecutor.accessTestSuiteMainPhase(TestSuiteExecutor.java:148)
	at com.kms.katalon.core.main.TestSuiteExecutor.execute(TestSuiteExecutor.java:106)
	at com.kms.katalon.core.main.TestCaseMain.startTestSuite(TestCaseMain.java:187)
	at TempTestSuite1699561943401.run(TempTestSuite1699561943401.groovy:36)
	at java.base/jdk.internal.reflect.NativeMethodAccessorImpl.invoke0(Native Method)
	at java.base/jdk.internal.reflect.NativeMethodAccessorImpl.invoke(NativeMethodAccessorImpl.java:77)
	at java.base/jdk.internal.reflect.DelegatingMethodAccessorImpl.invoke(DelegatingMethodAccessorImpl.java:43)
Caused by: com.kms.katalon.core.webui.exception.WebElementNotFoundException: Web element with id: 'Object Repository/Page_Google/textarea_q' located by '//textarea[@id='APjFqb']' not found
	at com.kms.katalon.core.webui.common.WebUiCommonHelper.findWebElement(WebUiCommonHelper.java:1379)
	at com.kms.katalon.core.webui.keyword.internal.WebUIAbstractKeyword.findWebElement(WebUIAbstractKeyword.groovy:27)
	at com.kms.katalon.core.webui.keyword.internal.WebUIAbstractKeyword.findWebElement(WebUIAbstractKeyword.groovy:26)
	at com.kms.katalon.core.webui.keyword.builtin.SetTextKeyword$_setText_closure1.doCall(SetTextKeyword.groovy:51)
	at com.kms.katalon.core.webui.keyword.builtin.SetTextKeyword$_setText_closure1.call(SetTextKeyword.groovy)
	at com.kms.katalon.core.webui.keyword.internal.WebUIKeywordMain.runKeyword(WebUIKeywordMain.groovy:20)
	... 23 more]]></system-err>
      </testcase>
      <testcase name="Test Cases/Google-Search-For-Dog" time="10.953" classname="Test Cases/Google-Search-For-Dog" status="PASSED">
         <system-out><![CDATA[2023-11-09 14:37:33 - [TEST_CASE][PASSED] - Test Cases/Google-Search-For-Dog: Test Cases/Google-Search-For-Dog

2023-11-09 14:37:33 - [TEST_STEP][PASSED] - openBrowser(""): Browser is opened with url: ''

2023-11-09 14:37:33 - [MESSAGE][WARNING] - A browser is already opened. Closing browser and opening a new one

2023-11-09 14:37:34 - [MESSAGE][INFO] - Starting 'Chrome' driver

2023-11-09 14:37:34 - [MESSAGE][INFO] - Action delay is set to 0 milliseconds

2023-11-09 14:37:37 - [MESSAGE][PASSED] - Browser is opened with url: ''

2023-11-09 14:37:37 - [TEST_STEP][PASSED] - navigateToUrl("https://www.google.com/"): Navigate to 'https://www.google.com/' successfully

2023-11-09 14:37:39 - [MESSAGE][PASSED] - Navigate to 'https://www.google.com/' successfully

2023-11-09 14:37:39 - [TEST_STEP][PASSED] - setText(findTestObject("Object Repository/Page_Google/textarea_q"), "dog breeds"): Text 'dog breeds' is set on object 'Object Repository/Page_Google/textarea_q'

2023-11-09 14:37:39 - [MESSAGE][PASSED] - Text 'dog breeds' is set on object 'Object Repository/Page_Google/textarea_q'

2023-11-09 14:37:39 - [TEST_STEP][PASSED] - click(findTestObject("Object Repository/Page_Google/input_btnK")): Object: 'Object Repository/Page_Google/input_btnK' is clicked on

2023-11-09 14:37:40 - [MESSAGE][PASSED] - Object: 'Object Repository/Page_Google/input_btnK' is clicked on

2023-11-09 14:37:40 - [TEST_STEP][PASSED] - verifyElementText(findTestObject("Object Repository/Page_dog breeds - Google Search/div_Dog"), "Dog"): Actual text and expected text of test object 'Object Repository/Page_dog breeds - Google Search/div_Dog' are matched.

2023-11-09 14:37:44 - [MESSAGE][PASSED] - Actual text and expected text of test object 'Object Repository/Page_dog breeds - Google Search/div_Dog' are matched.]]></system-out>
         <system-err><![CDATA[]]></system-err>
      </testcase>
      <testcase name="Test Cases/Google-Shop-For-Dogs" time="38.997" classname="Test Cases/Google-Shop-For-Dogs" status="FAILED">
         <failure type="FAILED" message="Test Cases/Google-Shop-For-Dogs FAILED.&#xa;Reason:&#xa;com.kms.katalon.core.exception.StepFailedException: Unable to set text 'shop for dogs' of object 'Object Repository/Page_Google/textarea_q'&#xa;	at com.kms.katalon.core.webui.keyword.internal.WebUIKeywordMain.stepFailed(WebUIKeywordMain.groovy:64)&#xa;	at com.kms.katalon.core.webui.keyword.internal.WebUIKeywordMain.runKeyword(WebUIKeywordMain.groovy:26)&#xa;	at com.kms.katalon.core.webui.keyword.builtin.SetTextKeyword.setText(SetTextKeyword.groovy:66)&#xa;	at com.kms.katalon.core.webui.keyword.builtin.SetTextKeyword.execute(SetTextKeyword.groovy:37)&#xa;	at com.kms.katalon.core.keyword.internal.KeywordExecutor.executeKeywordForPlatform(KeywordExecutor.groovy:74)&#xa;	at com.kms.katalon.core.webui.keyword.WebUiBuiltInKeywords.setText(WebUiBuiltInKeywords.groovy:980)&#xa;	at Google-Shop-For-Dogs.run(Google-Shop-For-Dogs:22)&#xa;	at com.kms.katalon.core.main.ScriptEngine.run(ScriptEngine.java:194)&#xa;	at com.kms.katalon.core.main.ScriptEngine.runScriptAsRawText(ScriptEngine.java:119)&#xa;	at com.kms.katalon.core.main.TestCaseExecutor.runScript(TestCaseExecutor.java:448)&#xa;	at com.kms.katalon.core.main.TestCaseExecutor.doExecute(TestCaseExecutor.java:439)&#xa;	at com.kms.katalon.core.main.TestCaseExecutor.processExecutionPhase(TestCaseExecutor.java:418)&#xa;	at com.kms.katalon.core.main.TestCaseExecutor.accessMainPhase(TestCaseExecutor.java:410)&#xa;	at com.kms.katalon.core.main.TestCaseExecutor.execute(TestCaseExecutor.java:285)&#xa;	at com.kms.katalon.core.main.TestCaseExecutor.execute(TestCaseExecutor.java:369)&#xa;	at com.kms.katalon.core.main.TestCaseExecutor.execute(TestCaseExecutor.java:369)&#xa;	at com.kms.katalon.core.main.TestCaseExecutor.execute(TestCaseExecutor.java:369)&#xa;	at com.kms.katalon.core.common.CommonExecutor.accessTestCaseMainPhase(CommonExecutor.java:65)&#xa;	at com.kms.katalon.core.main.TestSuiteExecutor.accessTestSuiteMainPhase(TestSuiteExecutor.java:148)&#xa;	at com.kms.katalon.core.main.TestSuiteExecutor.execute(TestSuiteExecutor.java:106)&#xa;	at com.kms.katalon.core.main.TestCaseMain.startTestSuite(TestCaseMain.java:187)&#xa;	at TempTestSuite1699561943401.run(TempTestSuite1699561943401.groovy:36)&#xa;	at java.base/jdk.internal.reflect.NativeMethodAccessorImpl.invoke0(Native Method)&#xa;	at java.base/jdk.internal.reflect.NativeMethodAccessorImpl.invoke(NativeMethodAccessorImpl.java:77)&#xa;	at java.base/jdk.internal.reflect.DelegatingMethodAccessorImpl.invoke(DelegatingMethodAccessorImpl.java:43)&#xa;Caused by: com.kms.katalon.core.webui.exception.WebElementNotFoundException: Web element with id: 'Object Repository/Page_Google/textarea_q' located by '//textarea[@id='APjFqb']' not found&#xa;	at com.kms.katalon.core.webui.common.WebUiCommonHelper.findWebElement(WebUiCommonHelper.java:1379)&#xa;	at com.kms.katalon.core.webui.keyword.internal.WebUIAbstractKeyword.findWebElement(WebUIAbstractKeyword.groovy:27)&#xa;	at com.kms.katalon.core.webui.keyword.internal.WebUIAbstractKeyword.findWebElement(WebUIAbstractKeyword.groovy:26)&#xa;	at com.kms.katalon.core.webui.keyword.builtin.SetTextKeyword$_setText_closure1.doCall(SetTextKeyword.groovy:51)&#xa;	at com.kms.katalon.core.webui.keyword.builtin.SetTextKeyword$_setText_closure1.call(SetTextKeyword.groovy)&#xa;	at com.kms.katalon.core.webui.keyword.internal.WebUIKeywordMain.runKeyword(WebUIKeywordMain.groovy:20)&#xa;	... 23 more&#xa;"/>
         <system-out><![CDATA[2023-11-09 14:39:38 - [TEST_CASE][FAILED] - Test Cases/Google-Shop-For-Dogs: Test Cases/Google-Shop-For-Dogs FAILED.
Reason:
com.kms.katalon.core.exception.StepFailedException: Unable to set text 'shop for dogs' of object 'Object Repository/Page_Google/textarea_q'
	at com.kms.katalon.core.webui.keyword.internal.WebUIKeywordMain.stepFailed(WebUIKeywordMain.groovy:64)
	at com.kms.katalon.core.webui.keyword.internal.WebUIKeywordMain.runKeyword(WebUIKeywordMain.groovy:26)
	at com.kms.katalon.core.webui.keyword.builtin.SetTextKeyword.setText(SetTextKeyword.groovy:66)
	at com.kms.katalon.core.webui.keyword.builtin.SetTextKeyword.execute(SetTextKeyword.groovy:37)
	at com.kms.katalon.core.keyword.internal.KeywordExecutor.executeKeywordForPlatform(KeywordExecutor.groovy:74)
	at com.kms.katalon.core.webui.keyword.WebUiBuiltInKeywords.setText(WebUiBuiltInKeywords.groovy:980)
	at Google-Shop-For-Dogs.run(Google-Shop-For-Dogs:22)
	at com.kms.katalon.core.main.ScriptEngine.run(ScriptEngine.java:194)
	at com.kms.katalon.core.main.ScriptEngine.runScriptAsRawText(ScriptEngine.java:119)
	at com.kms.katalon.core.main.TestCaseExecutor.runScript(TestCaseExecutor.java:448)
	at com.kms.katalon.core.main.TestCaseExecutor.doExecute(TestCaseExecutor.java:439)
	at com.kms.katalon.core.main.TestCaseExecutor.processExecutionPhase(TestCaseExecutor.java:418)
	at com.kms.katalon.core.main.TestCaseExecutor.accessMainPhase(TestCaseExecutor.java:410)
	at com.kms.katalon.core.main.TestCaseExecutor.execute(TestCaseExecutor.java:285)
	at com.kms.katalon.core.main.TestCaseExecutor.execute(TestCaseExecutor.java:369)
	at com.kms.katalon.core.main.TestCaseExecutor.execute(TestCaseExecutor.java:369)
	at com.kms.katalon.core.main.TestCaseExecutor.execute(TestCaseExecutor.java:369)
	at com.kms.katalon.core.common.CommonExecutor.accessTestCaseMainPhase(CommonExecutor.java:65)
	at com.kms.katalon.core.main.TestSuiteExecutor.accessTestSuiteMainPhase(TestSuiteExecutor.java:148)
	at com.kms.katalon.core.main.TestSuiteExecutor.execute(TestSuiteExecutor.java:106)
	at com.kms.katalon.core.main.TestCaseMain.startTestSuite(TestCaseMain.java:187)
	at TempTestSuite1699561943401.run(TempTestSuite1699561943401.groovy:36)
	at java.base/jdk.internal.reflect.NativeMethodAccessorImpl.invoke0(Native Method)
	at java.base/jdk.internal.reflect.NativeMethodAccessorImpl.invoke(NativeMethodAccessorImpl.java:77)
	at java.base/jdk.internal.reflect.DelegatingMethodAccessorImpl.invoke(DelegatingMethodAccessorImpl.java:43)
Caused by: com.kms.katalon.core.webui.exception.WebElementNotFoundException: Web element with id: 'Object Repository/Page_Google/textarea_q' located by '//textarea[@id='APjFqb']' not found
	at com.kms.katalon.core.webui.common.WebUiCommonHelper.findWebElement(WebUiCommonHelper.java:1379)
	at com.kms.katalon.core.webui.keyword.internal.WebUIAbstractKeyword.findWebElement(WebUIAbstractKeyword.groovy:27)
	at com.kms.katalon.core.webui.keyword.internal.WebUIAbstractKeyword.findWebElement(WebUIAbstractKeyword.groovy:26)
	at com.kms.katalon.core.webui.keyword.builtin.SetTextKeyword$_setText_closure1.doCall(SetTextKeyword.groovy:51)
	at com.kms.katalon.core.webui.keyword.builtin.SetTextKeyword$_setText_closure1.call(SetTextKeyword.groovy)
	at com.kms.katalon.core.webui.keyword.internal.WebUIKeywordMain.runKeyword(WebUIKeywordMain.groovy:20)
	... 23 more


2023-11-09 14:39:38 - [TEST_STEP][PASSED] - openBrowser(""): Browser is opened with url: ''

2023-11-09 14:39:38 - [MESSAGE][WARNING] - A browser is already opened. Closing browser and opening a new one

2023-11-09 14:39:39 - [MESSAGE][INFO] - Starting 'Chrome' driver

2023-11-09 14:39:39 - [MESSAGE][INFO] - Action delay is set to 0 milliseconds

2023-11-09 14:39:43 - [MESSAGE][PASSED] - Browser is opened with url: ''

2023-11-09 14:39:43 - [TEST_STEP][FAILED] - setText(findTestObject("Object Repository/Page_Google/textarea_q"), "shop for dogs"): Unable to set text 'shop for dogs' of object 'Object Repository/Page_Google/textarea_q' (Root cause: com.kms.katalon.core.exception.StepFailedException: Unable to set text 'shop for dogs' of object 'Object Repository/Page_Google/textarea_q'
	at com.kms.katalon.core.webui.keyword.internal.WebUIKeywordMain.stepFailed(WebUIKeywordMain.groovy:64)
	at com.kms.katalon.core.webui.keyword.internal.WebUIKeywordMain.runKeyword(WebUIKeywordMain.groovy:26)
	at com.kms.katalon.core.webui.keyword.builtin.SetTextKeyword.setText(SetTextKeyword.groovy:66)
	at com.kms.katalon.core.webui.keyword.builtin.SetTextKeyword.execute(SetTextKeyword.groovy:37)
	at com.kms.katalon.core.keyword.internal.KeywordExecutor.executeKeywordForPlatform(KeywordExecutor.groovy:74)
	at com.kms.katalon.core.webui.keyword.WebUiBuiltInKeywords.setText(WebUiBuiltInKeywords.groovy:980)
	at Google-Shop-For-Dogs.run(Google-Shop-For-Dogs:22)
	at com.kms.katalon.core.main.ScriptEngine.run(ScriptEngine.java:194)
	at com.kms.katalon.core.main.ScriptEngine.runScriptAsRawText(ScriptEngine.java:119)
	at com.kms.katalon.core.main.TestCaseExecutor.runScript(TestCaseExecutor.java:448)
	at com.kms.katalon.core.main.TestCaseExecutor.doExecute(TestCaseExecutor.java:439)
	at com.kms.katalon.core.main.TestCaseExecutor.processExecutionPhase(TestCaseExecutor.java:418)
	at com.kms.katalon.core.main.TestCaseExecutor.accessMainPhase(TestCaseExecutor.java:410)
	at com.kms.katalon.core.main.TestCaseExecutor.execute(TestCaseExecutor.java:285)
	at com.kms.katalon.core.main.TestCaseExecutor.execute(TestCaseExecutor.java:369)
	at com.kms.katalon.core.main.TestCaseExecutor.execute(TestCaseExecutor.java:369)
	at com.kms.katalon.core.main.TestCaseExecutor.execute(TestCaseExecutor.java:369)
	at com.kms.katalon.core.common.CommonExecutor.accessTestCaseMainPhase(CommonExecutor.java:65)
	at com.kms.katalon.core.main.TestSuiteExecutor.accessTestSuiteMainPhase(TestSuiteExecutor.java:148)
	at com.kms.katalon.core.main.TestSuiteExecutor.execute(TestSuiteExecutor.java:106)
	at com.kms.katalon.core.main.TestCaseMain.startTestSuite(TestCaseMain.java:187)
	at TempTestSuite1699561943401.run(TempTestSuite1699561943401.groovy:36)
	at java.base/jdk.internal.reflect.NativeMethodAccessorImpl.invoke0(Native Method)
	at java.base/jdk.internal.reflect.NativeMethodAccessorImpl.invoke(NativeMethodAccessorImpl.java:77)
	at java.base/jdk.internal.reflect.DelegatingMethodAccessorImpl.invoke(DelegatingMethodAccessorImpl.java:43)
Caused by: com.kms.katalon.core.webui.exception.WebElementNotFoundException: Web element with id: 'Object Repository/Page_Google/textarea_q' located by '//textarea[@id='APjFqb']' not found
	at com.kms.katalon.core.webui.common.WebUiCommonHelper.findWebElement(WebUiCommonHelper.java:1379)
	at com.kms.katalon.core.webui.keyword.internal.WebUIAbstractKeyword.findWebElement(WebUIAbstractKeyword.groovy:27)
	at com.kms.katalon.core.webui.keyword.internal.WebUIAbstractKeyword.findWebElement(WebUIAbstractKeyword.groovy:26)
	at com.kms.katalon.core.webui.keyword.builtin.SetTextKeyword$_setText_closure1.doCall(SetTextKeyword.groovy:51)
	at com.kms.katalon.core.webui.keyword.builtin.SetTextKeyword$_setText_closure1.call(SetTextKeyword.groovy)
	at com.kms.katalon.core.webui.keyword.internal.WebUIKeywordMain.runKeyword(WebUIKeywordMain.groovy:20)
	at com.kms.katalon.core.webui.keyword.builtin.SetTextKeyword.setText(SetTextKeyword.groovy:66)
	at com.kms.katalon.core.webui.keyword.builtin.SetTextKeyword.execute(SetTextKeyword.groovy:37)
	at com.kms.katalon.core.keyword.internal.KeywordExecutor.executeKeywordForPlatform(KeywordExecutor.groovy:74)
	at com.kms.katalon.core.webui.keyword.WebUiBuiltInKeywords.setText(WebUiBuiltInKeywords.groovy:980)
	at Script1699556906999.run(Script1699556906999.groovy:22)
	... 18 more
)

2023-11-09 14:40:14 - [MESSAGE][INFO] - Unable to find the element located by 'By.xpath: //textarea[@id='APjFqb']'. Please recheck the objects properties to make sure the desired element is located. 

2023-11-09 14:40:14 - [MESSAGE][WARNING] - [SELF-HEALING] Failed to find element with id 'Object Repository/Page_Google/textarea_q'. Try using Self-healing.

2023-11-09 14:40:14 - [MESSAGE][INFO] - [SELF-HEALING] Failed Locator: '//textarea[@id='APjFqb']'.

2023-11-09 14:40:14 - [MESSAGE][INFO] - [SELF-HEALING] Failed Locator: '//textarea'.

2023-11-09 14:40:14 - [MESSAGE][INFO] - [SELF-HEALING] Failed Locator: '//textarea[@id = 'APjFqb' and @name = 'q' and @title = 'Search' and @type = 'search']'.

2023-11-09 14:40:14 - [MESSAGE][INFO] - [SELF-HEALING] Failed Locator: '//textarea[@id='APjFqb']'.

2023-11-09 14:40:14 - [MESSAGE][INFO] - [SELF-HEALING] Failed Locator: '//textarea'.

2023-11-09 14:40:14 - [MESSAGE][INFO] - [SELF-HEALING] Failed Locator: '//textarea[@id = 'APjFqb' and @name = 'q' and @title = 'Search' and @type = 'search']'.

2023-11-09 14:40:14 - [MESSAGE][INFO] - [SELF-HEALING] Failed Locator: '//textarea[@id='APjFqb']'.

2023-11-09 14:40:14 - [MESSAGE][INFO] - [SELF-HEALING] Failed Locator: '//textarea'.

2023-11-09 14:40:14 - [MESSAGE][INFO] - [SELF-HEALING] Failed Locator: '//textarea[@id = 'APjFqb' and @name = 'q' and @title = 'Search' and @type = 'search']'.

2023-11-09 14:40:14 - [MESSAGE][INFO] - [SELF-HEALING] Failed Locator: '//textarea[@id='APjFqb']'.

2023-11-09 14:40:14 - [MESSAGE][INFO] - [SELF-HEALING] Failed Locator: '//textarea'.

2023-11-09 14:40:14 - [MESSAGE][INFO] - [SELF-HEALING] Failed Locator: '//textarea[@id = 'APjFqb' and @name = 'q' and @title = 'Search' and @type = 'search']'.

2023-11-09 14:40:14 - [MESSAGE][INFO] - [SELF-HEALING] Failed Locator: '//textarea[@id='APjFqb']'.

2023-11-09 14:40:14 - [MESSAGE][INFO] - [SELF-HEALING] Failed Locator: '//textarea'.

2023-11-09 14:40:14 - [MESSAGE][INFO] - [SELF-HEALING] Failed Locator: '//textarea[@id = 'APjFqb' and @name = 'q' and @title = 'Search' and @type = 'search']'.

2023-11-09 14:40:14 - [MESSAGE][INFO] - [SELF-HEALING] Failed Locator: '//textarea[@id='APjFqb']'.

2023-11-09 14:40:14 - [MESSAGE][INFO] - [SELF-HEALING] Failed Locator: '//textarea'.

2023-11-09 14:40:14 - [MESSAGE][INFO] - [SELF-HEALING] Failed Locator: '//textarea[@id = 'APjFqb' and @name = 'q' and @title = 'Search' and @type = 'search']'.

2023-11-09 14:40:14 - [MESSAGE][INFO] - [SELF-HEALING] Failed Locator: '//textarea[@id='APjFqb']'.

2023-11-09 14:40:14 - [MESSAGE][INFO] - [SELF-HEALING] Failed Locator: '//textarea'.

2023-11-09 14:40:14 - [MESSAGE][INFO] - [SELF-HEALING] Failed Locator: '//textarea[@id = 'APjFqb' and @name = 'q' and @title = 'Search' and @type = 'search']'.

2023-11-09 14:40:14 - [MESSAGE][INFO] - [SELF-HEALING] Failed Locator: '//textarea[@id='APjFqb']'.

2023-11-09 14:40:14 - [MESSAGE][INFO] - [SELF-HEALING] Failed Locator: '//textarea'.

2023-11-09 14:40:14 - [MESSAGE][INFO] - [SELF-HEALING] Failed Locator: '//textarea[@id = 'APjFqb' and @name = 'q' and @title = 'Search' and @type = 'search']'.

2023-11-09 14:40:14 - [MESSAGE][INFO] - [SELF-HEALING] Failed Locator: '//textarea[@id='APjFqb']'.

2023-11-09 14:40:14 - [MESSAGE][INFO] - [SELF-HEALING] Failed Locator: '//textarea'.

2023-11-09 14:40:14 - [MESSAGE][INFO] - [SELF-HEALING] Failed Locator: '//textarea[@id = 'APjFqb' and @name = 'q' and @title = 'Search' and @type = 'search']'.

2023-11-09 14:40:14 - [MESSAGE][INFO] - [SELF-HEALING] Failed Locator: '//textarea[@id='APjFqb']'.

2023-11-09 14:40:14 - [MESSAGE][INFO] - [SELF-HEALING] Failed Locator: '//textarea'.

2023-11-09 14:40:15 - [MESSAGE][INFO] - [SELF-HEALING] Failed Locator: '//textarea[@id = 'APjFqb' and @name = 'q' and @title = 'Search' and @type = 'search']'.

2023-11-09 14:40:15 - [MESSAGE][INFO] - [SELF-HEALING] Failed Locator: '//textarea[@id='APjFqb']'.

2023-11-09 14:40:15 - [MESSAGE][INFO] - [SELF-HEALING] Failed Locator: '//textarea'.

2023-11-09 14:40:15 - [MESSAGE][INFO] - [SELF-HEALING] Failed Locator: '//textarea[@id = 'APjFqb' and @name = 'q' and @title = 'Search' and @type = 'search']'.

2023-11-09 14:40:15 - [MESSAGE][INFO] - [SELF-HEALING] Failed Locator: '//textarea[@id='APjFqb']'.

2023-11-09 14:40:15 - [MESSAGE][INFO] - [SELF-HEALING] Failed Locator: '//textarea'.

2023-11-09 14:40:15 - [MESSAGE][INFO] - [SELF-HEALING] Failed Locator: '//textarea[@id = 'APjFqb' and @name = 'q' and @title = 'Search' and @type = 'search']'.

2023-11-09 14:40:15 - [MESSAGE][INFO] - [SELF-HEALING] Failed Locator: '//textarea[@id='APjFqb']'.

2023-11-09 14:40:15 - [MESSAGE][INFO] - [SELF-HEALING] Failed Locator: '//textarea'.

2023-11-09 14:40:15 - [MESSAGE][INFO] - [SELF-HEALING] Failed Locator: '//textarea[@id = 'APjFqb' and @name = 'q' and @title = 'Search' and @type = 'search']'.

2023-11-09 14:40:15 - [MESSAGE][INFO] - [SELF-HEALING] Failed Locator: '//textarea[@id='APjFqb']'.

2023-11-09 14:40:15 - [MESSAGE][INFO] - [SELF-HEALING] Failed Locator: '//textarea'.

2023-11-09 14:40:15 - [MESSAGE][INFO] - [SELF-HEALING] Failed Locator: '//textarea[@id = 'APjFqb' and @name = 'q' and @title = 'Search' and @type = 'search']'.

2023-11-09 14:40:15 - [MESSAGE][INFO] - [SELF-HEALING] Failed Locator: '//textarea[@id='APjFqb']'.

2023-11-09 14:40:15 - [MESSAGE][INFO] - [SELF-HEALING] Failed Locator: '//textarea'.

2023-11-09 14:40:15 - [MESSAGE][INFO] - [SELF-HEALING] Failed Locator: '//textarea[@id = 'APjFqb' and @name = 'q' and @title = 'Search' and @type = 'search']'.

2023-11-09 14:40:15 - [MESSAGE][INFO] - [SELF-HEALING] Failed Locator: '//textarea[@id='APjFqb']'.

2023-11-09 14:40:15 - [MESSAGE][INFO] - [SELF-HEALING] Failed Locator: '//textarea'.

2023-11-09 14:40:15 - [MESSAGE][INFO] - [SELF-HEALING] Failed Locator: '//textarea[@id = 'APjFqb' and @name = 'q' and @title = 'Search' and @type = 'search']'.

2023-11-09 14:40:16 - [MESSAGE][INFO] - Unable to find the element located by 'By.xpath: //*[@id = 'APjFqb' and @name = 'q' and @title = 'Search' and @type = 'search']'. Please recheck the objects properties to make sure the desired element is located. 

2023-11-09 14:40:17 - [MESSAGE][INFO] - Unable to find the element located by 'By.cssSelector: #APjFqb'. Please recheck the objects properties to make sure the desired element is located. 

2023-11-09 14:40:17 - [MESSAGE][FAILED] - Unable to set text 'shop for dogs' of object 'Object Repository/Page_Google/textarea_q' (Root cause: com.kms.katalon.core.exception.StepFailedException: Unable to set text 'shop for dogs' of object 'Object Repository/Page_Google/textarea_q'
	at com.kms.katalon.core.webui.keyword.internal.WebUIKeywordMain.stepFailed(WebUIKeywordMain.groovy:64)
	at com.kms.katalon.core.webui.keyword.internal.WebUIKeywordMain.runKeyword(WebUIKeywordMain.groovy:26)
	at com.kms.katalon.core.webui.keyword.builtin.SetTextKeyword.setText(SetTextKeyword.groovy:66)
	at com.kms.katalon.core.webui.keyword.builtin.SetTextKeyword.execute(SetTextKeyword.groovy:37)
	at com.kms.katalon.core.keyword.internal.KeywordExecutor.executeKeywordForPlatform(KeywordExecutor.groovy:74)
	at com.kms.katalon.core.webui.keyword.WebUiBuiltInKeywords.setText(WebUiBuiltInKeywords.groovy:980)
	at Google-Shop-For-Dogs.run(Google-Shop-For-Dogs:22)
	at com.kms.katalon.core.main.ScriptEngine.run(ScriptEngine.java:194)
	at com.kms.katalon.core.main.ScriptEngine.runScriptAsRawText(ScriptEngine.java:119)
	at com.kms.katalon.core.main.TestCaseExecutor.runScript(TestCaseExecutor.java:448)
	at com.kms.katalon.core.main.TestCaseExecutor.doExecute(TestCaseExecutor.java:439)
	at com.kms.katalon.core.main.TestCaseExecutor.processExecutionPhase(TestCaseExecutor.java:418)
	at com.kms.katalon.core.main.TestCaseExecutor.accessMainPhase(TestCaseExecutor.java:410)
	at com.kms.katalon.core.main.TestCaseExecutor.execute(TestCaseExecutor.java:285)
	at com.kms.katalon.core.main.TestCaseExecutor.execute(TestCaseExecutor.java:369)
	at com.kms.katalon.core.main.TestCaseExecutor.execute(TestCaseExecutor.java:369)
	at com.kms.katalon.core.main.TestCaseExecutor.execute(TestCaseExecutor.java:369)
	at com.kms.katalon.core.common.CommonExecutor.accessTestCaseMainPhase(CommonExecutor.java:65)
	at com.kms.katalon.core.main.TestSuiteExecutor.accessTestSuiteMainPhase(TestSuiteExecutor.java:148)
	at com.kms.katalon.core.main.TestSuiteExecutor.execute(TestSuiteExecutor.java:106)
	at com.kms.katalon.core.main.TestCaseMain.startTestSuite(TestCaseMain.java:187)
	at TempTestSuite1699561943401.run(TempTestSuite1699561943401.groovy:36)
	at java.base/jdk.internal.reflect.NativeMethodAccessorImpl.invoke0(Native Method)
	at java.base/jdk.internal.reflect.NativeMethodAccessorImpl.invoke(NativeMethodAccessorImpl.java:77)
	at java.base/jdk.internal.reflect.DelegatingMethodAccessorImpl.invoke(DelegatingMethodAccessorImpl.java:43)
Caused by: com.kms.katalon.core.webui.exception.WebElementNotFoundException: Web element with id: 'Object Repository/Page_Google/textarea_q' located by '//textarea[@id='APjFqb']' not found
	at com.kms.katalon.core.webui.common.WebUiCommonHelper.findWebElement(WebUiCommonHelper.java:1379)
	at com.kms.katalon.core.webui.keyword.internal.WebUIAbstractKeyword.findWebElement(WebUIAbstractKeyword.groovy:27)
	at com.kms.katalon.core.webui.keyword.internal.WebUIAbstractKeyword.findWebElement(WebUIAbstractKeyword.groovy:26)
	at com.kms.katalon.core.webui.keyword.builtin.SetTextKeyword$_setText_closure1.doCall(SetTextKeyword.groovy:51)
	at com.kms.katalon.core.webui.keyword.builtin.SetTextKeyword$_setText_closure1.call(SetTextKeyword.groovy)
	at com.kms.katalon.core.webui.keyword.internal.WebUIKeywordMain.runKeyword(WebUIKeywordMain.groovy:20)
	at com.kms.katalon.core.webui.keyword.builtin.SetTextKeyword.setText(SetTextKeyword.groovy:66)
	at com.kms.katalon.core.webui.keyword.builtin.SetTextKeyword.execute(SetTextKeyword.groovy:37)
	at com.kms.katalon.core.keyword.internal.KeywordExecutor.executeKeywordForPlatform(KeywordExecutor.groovy:74)
	at com.kms.katalon.core.webui.keyword.WebUiBuiltInKeywords.setText(WebUiBuiltInKeywords.groovy:980)
	at Script1699556906999.run(Script1699556906999.groovy:22)
	... 18 more
)
[[ATTACHMENT|C:\\Users\\ithibodeaux\\IdeaProjects\\KatalonTraining\\KatalonTraining\\Reports\\20231109_143223\\Google\\20231109_143223\\1699562417444.png]]]]></system-out>
         <system-err><![CDATA[2023-11-09 14:39:38 - [TEST_CASE][FAILED] - Test Cases/Google-Shop-For-Dogs: Test Cases/Google-Shop-For-Dogs FAILED.
Reason:
com.kms.katalon.core.exception.StepFailedException: Unable to set text 'shop for dogs' of object 'Object Repository/Page_Google/textarea_q'
	at com.kms.katalon.core.webui.keyword.internal.WebUIKeywordMain.stepFailed(WebUIKeywordMain.groovy:64)
	at com.kms.katalon.core.webui.keyword.internal.WebUIKeywordMain.runKeyword(WebUIKeywordMain.groovy:26)
	at com.kms.katalon.core.webui.keyword.builtin.SetTextKeyword.setText(SetTextKeyword.groovy:66)
	at com.kms.katalon.core.webui.keyword.builtin.SetTextKeyword.execute(SetTextKeyword.groovy:37)
	at com.kms.katalon.core.keyword.internal.KeywordExecutor.executeKeywordForPlatform(KeywordExecutor.groovy:74)
	at com.kms.katalon.core.webui.keyword.WebUiBuiltInKeywords.setText(WebUiBuiltInKeywords.groovy:980)
	at Google-Shop-For-Dogs.run(Google-Shop-For-Dogs:22)
	at com.kms.katalon.core.main.ScriptEngine.run(ScriptEngine.java:194)
	at com.kms.katalon.core.main.ScriptEngine.runScriptAsRawText(ScriptEngine.java:119)
	at com.kms.katalon.core.main.TestCaseExecutor.runScript(TestCaseExecutor.java:448)
	at com.kms.katalon.core.main.TestCaseExecutor.doExecute(TestCaseExecutor.java:439)
	at com.kms.katalon.core.main.TestCaseExecutor.processExecutionPhase(TestCaseExecutor.java:418)
	at com.kms.katalon.core.main.TestCaseExecutor.accessMainPhase(TestCaseExecutor.java:410)
	at com.kms.katalon.core.main.TestCaseExecutor.execute(TestCaseExecutor.java:285)
	at com.kms.katalon.core.main.TestCaseExecutor.execute(TestCaseExecutor.java:369)
	at com.kms.katalon.core.main.TestCaseExecutor.execute(TestCaseExecutor.java:369)
	at com.kms.katalon.core.main.TestCaseExecutor.execute(TestCaseExecutor.java:369)
	at com.kms.katalon.core.common.CommonExecutor.accessTestCaseMainPhase(CommonExecutor.java:65)
	at com.kms.katalon.core.main.TestSuiteExecutor.accessTestSuiteMainPhase(TestSuiteExecutor.java:148)
	at com.kms.katalon.core.main.TestSuiteExecutor.execute(TestSuiteExecutor.java:106)
	at com.kms.katalon.core.main.TestCaseMain.startTestSuite(TestCaseMain.java:187)
	at TempTestSuite1699561943401.run(TempTestSuite1699561943401.groovy:36)
	at java.base/jdk.internal.reflect.NativeMethodAccessorImpl.invoke0(Native Method)
	at java.base/jdk.internal.reflect.NativeMethodAccessorImpl.invoke(NativeMethodAccessorImpl.java:77)
	at java.base/jdk.internal.reflect.DelegatingMethodAccessorImpl.invoke(DelegatingMethodAccessorImpl.java:43)
Caused by: com.kms.katalon.core.webui.exception.WebElementNotFoundException: Web element with id: 'Object Repository/Page_Google/textarea_q' located by '//textarea[@id='APjFqb']' not found
	at com.kms.katalon.core.webui.common.WebUiCommonHelper.findWebElement(WebUiCommonHelper.java:1379)
	at com.kms.katalon.core.webui.keyword.internal.WebUIAbstractKeyword.findWebElement(WebUIAbstractKeyword.groovy:27)
	at com.kms.katalon.core.webui.keyword.internal.WebUIAbstractKeyword.findWebElement(WebUIAbstractKeyword.groovy:26)
	at com.kms.katalon.core.webui.keyword.builtin.SetTextKeyword$_setText_closure1.doCall(SetTextKeyword.groovy:51)
	at com.kms.katalon.core.webui.keyword.builtin.SetTextKeyword$_setText_closure1.call(SetTextKeyword.groovy)
	at com.kms.katalon.core.webui.keyword.internal.WebUIKeywordMain.runKeyword(WebUIKeywordMain.groovy:20)
	... 23 more]]></system-err>
      </testcase>
      <system-out><![CDATA[2023-11-09 14:32:28 - [TEST_SUITE][FAILED] - Google: Test Cases/Google-Find-Dog-Sounds FAILED.
Reason:
com.kms.katalon.core.exception.StepFailedException: Unable to set text 'dog breeds' of object 'Object Repository/Page_Google/textarea_q'
	at com.kms.katalon.core.webui.keyword.internal.WebUIKeywordMain.stepFailed(WebUIKeywordMain.groovy:64)
	at com.kms.katalon.core.webui.keyword.internal.WebUIKeywordMain.runKeyword(WebUIKeywordMain.groovy:26)
	at com.kms.katalon.core.webui.keyword.builtin.SetTextKeyword.setText(SetTextKeyword.groovy:66)
	at com.kms.katalon.core.webui.keyword.builtin.SetTextKeyword.execute(SetTextKeyword.groovy:37)
	at com.kms.katalon.core.keyword.internal.KeywordExecutor.executeKeywordForPlatform(KeywordExecutor.groovy:74)
	at com.kms.katalon.core.webui.keyword.WebUiBuiltInKeywords.setText(WebUiBuiltInKeywords.groovy:980)
	at Google-Find-Dog-Sounds.run(Google-Find-Dog-Sounds:22)
	at com.kms.katalon.core.main.ScriptEngine.run(ScriptEngine.java:194)
	at com.kms.katalon.core.main.ScriptEngine.runScriptAsRawText(ScriptEngine.java:119)
	at com.kms.katalon.core.main.TestCaseExecutor.runScript(TestCaseExecutor.java:448)
	at com.kms.katalon.core.main.TestCaseExecutor.doExecute(TestCaseExecutor.java:439)
	at com.kms.katalon.core.main.TestCaseExecutor.processExecutionPhase(TestCaseExecutor.java:418)
	at com.kms.katalon.core.main.TestCaseExecutor.accessMainPhase(TestCaseExecutor.java:410)
	at com.kms.katalon.core.main.TestCaseExecutor.execute(TestCaseExecutor.java:285)
	at com.kms.katalon.core.common.CommonExecutor.accessTestCaseMainPhase(CommonExecutor.java:65)
	at com.kms.katalon.core.main.TestSuiteExecutor.accessTestSuiteMainPhase(TestSuiteExecutor.java:148)
	at com.kms.katalon.core.main.TestSuiteExecutor.execute(TestSuiteExecutor.java:106)
	at com.kms.katalon.core.main.TestCaseMain.startTestSuite(TestCaseMain.java:187)
	at TempTestSuite1699561943401.run(TempTestSuite1699561943401.groovy:36)
	at java.base/jdk.internal.reflect.NativeMethodAccessorImpl.invoke0(Native Method)
	at java.base/jdk.internal.reflect.NativeMethodAccessorImpl.invoke(NativeMethodAccessorImpl.java:77)
	at java.base/jdk.internal.reflect.DelegatingMethodAccessorImpl.invoke(DelegatingMethodAccessorImpl.java:43)
Caused by: com.kms.katalon.core.webui.exception.WebElementNotFoundException: Web element with id: 'Object Repository/Page_Google/textarea_q' located by '//textarea[@id='APjFqb']' not found
	at com.kms.katalon.core.webui.common.WebUiCommonHelper.findWebElement(WebUiCommonHelper.java:1379)
	at com.kms.katalon.core.webui.keyword.internal.WebUIAbstractKeyword.findWebElement(WebUIAbstractKeyword.groovy:27)
	at com.kms.katalon.core.webui.keyword.internal.WebUIAbstractKeyword.findWebElement(WebUIAbstractKeyword.groovy:26)
	at com.kms.katalon.core.webui.keyword.builtin.SetTextKeyword$_setText_closure1.doCall(SetTextKeyword.groovy:51)
	at com.kms.katalon.core.webui.keyword.builtin.SetTextKeyword$_setText_closure1.call(SetTextKeyword.groovy)
	at com.kms.katalon.core.webui.keyword.internal.WebUIKeywordMain.runKeyword(WebUIKeywordMain.groovy:20)
	... 20 more]]></system-out>
      <system-err><![CDATA[2023-11-09 14:32:28 - [TEST_SUITE][FAILED] - Google: Test Cases/Google-Find-Dog-Sounds FAILED.
Reason:
com.kms.katalon.core.exception.StepFailedException: Unable to set text 'dog breeds' of object 'Object Repository/Page_Google/textarea_q'
	at com.kms.katalon.core.webui.keyword.internal.WebUIKeywordMain.stepFailed(WebUIKeywordMain.groovy:64)
	at com.kms.katalon.core.webui.keyword.internal.WebUIKeywordMain.runKeyword(WebUIKeywordMain.groovy:26)
	at com.kms.katalon.core.webui.keyword.builtin.SetTextKeyword.setText(SetTextKeyword.groovy:66)
	at com.kms.katalon.core.webui.keyword.builtin.SetTextKeyword.execute(SetTextKeyword.groovy:37)
	at com.kms.katalon.core.keyword.internal.KeywordExecutor.executeKeywordForPlatform(KeywordExecutor.groovy:74)
	at com.kms.katalon.core.webui.keyword.WebUiBuiltInKeywords.setText(WebUiBuiltInKeywords.groovy:980)
	at Google-Find-Dog-Sounds.run(Google-Find-Dog-Sounds:22)
	at com.kms.katalon.core.main.ScriptEngine.run(ScriptEngine.java:194)
	at com.kms.katalon.core.main.ScriptEngine.runScriptAsRawText(ScriptEngine.java:119)
	at com.kms.katalon.core.main.TestCaseExecutor.runScript(TestCaseExecutor.java:448)
	at com.kms.katalon.core.main.TestCaseExecutor.doExecute(TestCaseExecutor.java:439)
	at com.kms.katalon.core.main.TestCaseExecutor.processExecutionPhase(TestCaseExecutor.java:418)
	at com.kms.katalon.core.main.TestCaseExecutor.accessMainPhase(TestCaseExecutor.java:410)
	at com.kms.katalon.core.main.TestCaseExecutor.execute(TestCaseExecutor.java:285)
	at com.kms.katalon.core.common.CommonExecutor.accessTestCaseMainPhase(CommonExecutor.java:65)
	at com.kms.katalon.core.main.TestSuiteExecutor.accessTestSuiteMainPhase(TestSuiteExecutor.java:148)
	at com.kms.katalon.core.main.TestSuiteExecutor.execute(TestSuiteExecutor.java:106)
	at com.kms.katalon.core.main.TestCaseMain.startTestSuite(TestCaseMain.java:187)
	at TempTestSuite1699561943401.run(TempTestSuite1699561943401.groovy:36)
	at java.base/jdk.internal.reflect.NativeMethodAccessorImpl.invoke0(Native Method)
	at java.base/jdk.internal.reflect.NativeMethodAccessorImpl.invoke(NativeMethodAccessorImpl.java:77)
	at java.base/jdk.internal.reflect.DelegatingMethodAccessorImpl.invoke(DelegatingMethodAccessorImpl.java:43)
Caused by: com.kms.katalon.core.webui.exception.WebElementNotFoundException: Web element with id: 'Object Repository/Page_Google/textarea_q' located by '//textarea[@id='APjFqb']' not found
	at com.kms.katalon.core.webui.common.WebUiCommonHelper.findWebElement(WebUiCommonHelper.java:1379)
	at com.kms.katalon.core.webui.keyword.internal.WebUIAbstractKeyword.findWebElement(WebUIAbstractKeyword.groovy:27)
	at com.kms.katalon.core.webui.keyword.internal.WebUIAbstractKeyword.findWebElement(WebUIAbstractKeyword.groovy:26)
	at com.kms.katalon.core.webui.keyword.builtin.SetTextKeyword$_setText_closure1.doCall(SetTextKeyword.groovy:51)
	at com.kms.katalon.core.webui.keyword.builtin.SetTextKeyword$_setText_closure1.call(SetTextKeyword.groovy)
	at com.kms.katalon.core.webui.keyword.internal.WebUIKeywordMain.runKeyword(WebUIKeywordMain.groovy:20)
	... 20 more]]></system-err>
   </testsuite>
</testsuites>
